<?xml version="1.0" encoding="UTF-8"?>
<testsuite xmlns:xsi="http://www.w3.org/2001/XMLSchema-instance" xsi:noNamespaceSchemaLocation="https://maven.apache.org/surefire/maven-surefire-plugin/xsd/surefire-test-report-3.0.xsd" version="3.0" name="acounting_system.ParserFuzzTest" time="7.799" tests="91" errors="0" skipped="0" failures="0">
  <properties>
[...]
</properties>
  <testcase name="fuzzerTestOneInput(FuzzedDataProvider)[1]" classname="acounting_system.ParserFuzzTest" time="0.143">
    <system-err><![CDATA[INFO: Loaded 301 hooks from com.code_intelligence.jazzer.runtime.TraceCmpHooks
INFO: Loaded 5 hooks from com.code_intelligence.jazzer.runtime.TraceDivHooks
INFO: Loaded 2 hooks from com.code_intelligence.jazzer.runtime.TraceIndirHooks
INFO: Loaded 4 hooks from com.code_intelligence.jazzer.runtime.NativeLibHooks
INFO: Loaded 2 hooks from com.code_intelligence.jazzer.sanitizers.ClojureLangHooks
INFO: Loaded 5 hooks from com.code_intelligence.jazzer.sanitizers.Deserialization
INFO: Loaded 5 hooks from com.code_intelligence.jazzer.sanitizers.ExpressionLanguageInjection
INFO: Loaded 70 hooks from com.code_intelligence.jazzer.sanitizers.LdapInjection
INFO: Loaded 46 hooks from com.code_intelligence.jazzer.sanitizers.NamingContextLookup
INFO: Loaded 1 hooks from com.code_intelligence.jazzer.sanitizers.OsCommandInjection
INFO: Loaded 48 hooks from com.code_intelligence.jazzer.sanitizers.ReflectiveCall
INFO: Loaded 8 hooks from com.code_intelligence.jazzer.sanitizers.RegexInjection
INFO: Loaded 16 hooks from com.code_intelligence.jazzer.sanitizers.RegexRoadblocks
INFO: Loaded 12 hooks from com.code_intelligence.jazzer.sanitizers.ScriptEngineInjection
INFO: Loaded 3 hooks from com.code_intelligence.jazzer.sanitizers.ServerSideRequestForgery
INFO: Loaded 37 hooks from com.code_intelligence.jazzer.sanitizers.SqlInjection
INFO: Loaded 6 hooks from com.code_intelligence.jazzer.sanitizers.XPathInjection
INFO: Instrumented org.jacoco.agent.rt.internal_4742761.core.runtime.InjectedClassRuntime$Lookup with custom hooks only (took 115 ms, size +23%)
INFO: Instrumented org.jacoco.agent.rt.internal_4742761.core.runtime.InjectedClassRuntime with custom hooks only (took 5 ms, size +0%)
INFO: Instrumented org.jacoco.agent.rt.internal_4742761.asm.TypePath with custom hooks only (took 7 ms, size +0%)
INFO: Instrumented org.jacoco.agent.rt.internal_4742761.asm.TypeReference with custom hooks only (took 13 ms, size +0%)
INFO: Instrumented org.jacoco.agent.rt.internal_4742761.core.internal.instr.LocalProbeArrayStrategy with custom hooks only (took 1 ms, size +0%)
INFO: Instrumented RequestManagement.deleterequest with custom hooks only (took 6 ms, size +0%)
INFO: Instrumented RequestManagement.loginrequest with custom hooks only (took 2 ms, size +0%)
INFO: Instrumented org.h2.jdbc.JdbcResultSet with custom hooks only (took 138 ms, size +-2%)
INFO: Instrumented org.h2.command.query.Query$OffsetFetch with custom hooks only (took 2 ms, size +0%)
INFO: Instrumented org.h2.util.JdbcUtils$1 with custom hooks only (took 3 ms, size +60%)
INFO: Instrumented org.h2.util.JdbcUtils with custom hooks only (took 14 ms, size +5%)
INFO: Instrumented org.h2.value.ValueToObjectConverter with custom hooks only (took 8 ms, size +-1%)
INFO: Instrumented org.h2.table.Plan with custom hooks only (took 4 ms, size +-1%)
INFO: Instrumented org.h2.command.query.Optimizer with custom hooks only (took 7 ms, size +0%)
INFO: Instrumented org.h2.command.query.QueryOrderBy with custom hooks only (took 1 ms, size +-1%)
INFO: Instrumented org.h2.command.query.Select$LazyResultGroupSorted with custom hooks only (took 1 ms, size +0%)
INFO: Instrumented org.h2.command.query.Select$LazyResultQueryFlat with custom hooks only (took 2 ms, size +0%)
INFO: Instrumented org.h2.command.query.Select$LazyResultSelect with custom hooks only (took 1 ms, size +0%)
INFO: Instrumented org.h2.result.LazyResult with custom hooks only (took 4 ms, size +0%)
INFO: Instrumented org.h2.result.FetchedResult with custom hooks only (took 1 ms, size +0%)
INFO: Instrumented org.h2.table.DerivedTable with custom hooks only (took 3 ms, size +0%)
INFO: Instrumented RequestManagement.searchrequest with custom hooks only (took 0 ms, size +0%)
INFO: Instrumented org.h2.mvstore.FileStore$PageSerializationManager with custom hooks only (took 2 ms, size +0%)
INFO: Instrumented org.h2.index.VirtualConstructedTableIndex with custom hooks only (took 2 ms, size +0%)
INFO: Instrumented org.h2.index.VirtualTableIndex with custom hooks only (took 2 ms, size +0%)
INFO: Instrumented org.h2.mvstore.WriteBuffer with custom hooks only (took 27 ms, size +0%)
INFO: Instrumented sharedmodel.Entry with custom hooks only (took 1 ms, size +0%)
INFO: Instrumented RequestManagement.addrequest with custom hooks only (took 0 ms, size +0%)
INFO: Instrumented org.h2.api.ErrorCode with custom hooks only (took 1 ms, size +0%)
INFO: Instrumented org.h2.mvstore.tx.VersionedValueUncommitted with custom hooks only (took 3 ms, size +0%)
INFO: Instrumented org.h2.table.DataChangeDeltaTable$ResultOption with custom hooks only (took 1 ms, size +0%)
INFO: Instrumented RequestManagement.registerrequest with custom hooks only (took 0 ms, size +0%)
INFO: Instrumented RequestManagement.registerOrloginrequest with custom hooks only (took 0 ms, size +0%)
INFO: Instrumented ResultManagement.ParseResult with custom hooks only (took 1 ms, size +0%)
INFO: Instrumented org.h2.jdbc.JdbcPreparedStatement with custom hooks only (took 24 ms, size +-2%)
INFO: Instrumented org.h2.mvstore.db.MVSecondaryIndex$MVStoreCursor with custom hooks only (took 3 ms, size +0%)
INFO: Instrumented org.h2.result.LocalResult with custom hooks only (took 21 ms, size +0%)
INFO: Instrumented org.h2.table.PlanItem with custom hooks only (took 1 ms, size +0%)
INFO: Instrumented org.h2.command.query.AllColumnsForPlan with custom hooks only (took 1 ms, size +0%)
INFO: Instrumented org.h2.index.IndexCondition with custom hooks only (took 6 ms, size +-1%)
INFO: Instrumented org.h2.command.dml.SetClauseList$SetSimple with custom hooks only (took 1 ms, size +0%)
INFO: Instrumented org.h2.command.dml.SetClauseList$SetAction with custom hooks only (took 3 ms, size +-1%)
INFO: Instrumented org.h2.command.dml.SetClauseList$UpdateAction with custom hooks only (took 1 ms, size +0%)
INFO: Instrumented org.h2.command.dml.SetClauseList with custom hooks only (took 4 ms, size +0%)
INFO: Instrumented org.h2.index.IndexCursor with custom hooks only (took 6 ms, size +-1%)
INFO: Instrumented org.h2.table.TableFilter$TableFilterVisitor with custom hooks only (took 0 ms, size +0%)
INFO: Instrumented org.h2.table.TableFilter with custom hooks only (took 20 ms, size +-1%)
INFO: Instrumented org.h2.table.MaterializedView with custom hooks only (took 7 ms, size +0%)
INFO: Instrumented org.h2.jdbc.JdbcBatchUpdateException with custom hooks only (took 1 ms, size +0%)
INFO: Instrumented org.h2.jdbc.JdbcStatement with custom hooks only (took 17 ms, size +-2%)
INFO: Instrumented org.h2.jdbc.JdbcStatementBackwardsCompat with custom hooks only (took 0 ms, size +0%)
INFO: Instrumented org.h2.util.CloseWatcher with custom hooks only (took 2 ms, size +0%)
INFO: Instrumented org.h2.engine.SessionLocal$1 with custom hooks only (took 0 ms, size +0%)
INFO: Instrumented org.h2.engine.SessionLocal$Savepoint with custom hooks only (took 0 ms, size +0%)
INFO: Instrumented org.h2.result.ResultWithGeneratedKeys$WithKeys with custom hooks only (took 0 ms, size +0%)
INFO: Instrumented org.h2.result.ResultWithGeneratedKeys with custom hooks only (took 2 ms, size +0%)
INFO: Instrumented org.h2.result.ResultInterface with custom hooks only (took 0 ms, size +0%)
INFO: Instrumented org.h2.util.SmallLRUCache with custom hooks only (took 1 ms, size +0%)
INFO: Instrumented org.h2.engine.OnExitDatabaseCloser with custom hooks only (took 1 ms, size +0%)
INFO: Instrumented org.h2.mvstore.FileStore$BackgroundWriterThread with custom hooks only (took 1 ms, size +0%)
INFO: Instrumented org.h2.mvstore.StreamStore$Stream with custom hooks only (took 2 ms, size +1%)
INFO: Instrumented org.h2.mvstore.StreamStore with custom hooks only (took 7 ms, size +-2%)
INFO: Instrumented org.h2.mvstore.db.LobStorageMap$BlobReference with custom hooks only (took 1 ms, size +-1%)
INFO: Instrumented org.h2.mvstore.db.LobStorageMap$BlobMeta with custom hooks only (took 2 ms, size +0%)
INFO: Instrumented org.h2.store.CountingReaderInputStream with custom hooks only (took 4 ms, size +0%)
INFO: Instrumented org.h2.store.RangeInputStream with custom hooks only (took 3 ms, size +0%)
INFO: Instrumented org.h2.mvstore.db.LobStorageMap$LobInputStream with custom hooks only (took 1 ms, size +0%)
INFO: Instrumented org.h2.mvstore.db.LobStorageMap with custom hooks only (took 16 ms, size +0%)
INFO: Instrumented org.h2.index.QueryExpressionIndex with custom hooks only (took 10 ms, size +-1%)
INFO: Instrumented org.h2.constraint.Constraint$Type with custom hooks only (took 3 ms, size +0%)
INFO: Instrumented org.h2.constraint.ConstraintActionType with custom hooks only (took 3 ms, size +0%)
INFO: Instrumented org.h2.constraint.ConstraintReferential with custom hooks only (took 15 ms, size +-1%)
INFO: Instrumented org.h2.constraint.ConstraintCheck with custom hooks only (took 6 ms, size +0%)
INFO: Instrumented org.h2.constraint.ConstraintUnique with custom hooks only (took 7 ms, size +0%)
INFO: Instrumented org.h2.mvstore.Page$IncompleteNonLeaf with custom hooks only (took 2 ms, size +0%)
INFO: Instrumented org.h2.expression.ExpressionVisitor with custom hooks only (took 10 ms, size +0%)
INFO: Instrumented org.h2.expression.aggregate.AggregateType with custom hooks only (took 5 ms, size +0%)
INFO: Instrumented org.h2.expression.analysis.WindowFunctionType with custom hooks only (took 3 ms, size +-1%)
INFO: Instrumented org.h2.command.Parser$1 with custom hooks only (took 2 ms, size +0%)
INFO: Instrumented org.h2.command.Parser$NullConstraintType with custom hooks only (took 1 ms, size +0%)
INFO: Instrumented org.h2.schema.Sequence$Cycle with custom hooks only (took 3 ms, size +0%)
INFO: Instrumented org.h2.command.ddl.SequenceOptions with custom hooks only (took 10 ms, size +-1%)
INFO: Instrumented org.h2.index.SingleRowCursor with custom hooks only (took 2 ms, size +0%)
INFO: Instrumented org.h2.command.Token$BinaryStringToken with custom hooks only (took 1 ms, size +0%)
INFO: Instrumented org.h2.command.Token$EndOfInputToken with custom hooks only (took 2 ms, size +0%)
INFO: Instrumented org.h2.command.Token$ParameterToken with custom hooks only (took 2 ms, size +0%)
INFO: Instrumented org.h2.command.Token$CharacterStringToken with custom hooks only (took 2 ms, size +0%)
INFO: Instrumented org.h2.command.Token$ValueToken with custom hooks only (took 1 ms, size +0%)
INFO: Instrumented org.h2.command.Token$IntegerToken with custom hooks only (took 1 ms, size +0%)
INFO: Instrumented org.h2.command.Token$BigintToken with custom hooks only (took 1 ms, size +0%)
INFO: Instrumented org.h2.command.Token$LiteralToken with custom hooks only (took 1 ms, size +0%)
INFO: Instrumented org.h2.command.Token$KeywordToken with custom hooks only (took 1 ms, size +0%)
INFO: Instrumented org.h2.command.Token$KeywordOrIdentifierToken with custom hooks only (took 1 ms, size +0%)
INFO: Instrumented org.h2.command.Token$IdentifierToken with custom hooks only (took 2 ms, size +0%)
INFO: Instrumented org.h2.command.Token with custom hooks only (took 2 ms, size +0%)
INFO: Instrumented org.h2.command.Tokenizer with custom hooks only (took 18 ms, size +-2%)
INFO: Instrumented org.h2.command.dml.AlterTableSet with custom hooks only (took 1 ms, size +0%)
INFO: Instrumented org.h2.command.ddl.AlterSchemaRename with custom hooks only (took 3 ms, size +0%)
INFO: Instrumented org.h2.command.ddl.AlterIndexRename with custom hooks only (took 1 ms, size +0%)
INFO: Instrumented org.h2.command.ddl.AlterUser with custom hooks only (took 2 ms, size +0%)
INFO: Instrumented org.h2.command.ddl.AlterDomainRename with custom hooks only (took 1 ms, size +-1%)
INFO: Instrumented org.h2.command.ddl.AlterDomainRenameConstraint with custom hooks only (took 2 ms, size +-1%)
INFO: Instrumented org.h2.command.ddl.AlterDomainExpressions with custom hooks only (took 4 ms, size +0%)
INFO: Instrumented org.h2.command.ddl.AlterDomainDropConstraint with custom hooks only (took 1 ms, size +-1%)
INFO: Instrumented org.h2.command.ddl.AlterDomainAddConstraint with custom hooks only (took 4 ms, size +-1%)
INFO: Instrumented org.h2.constraint.ConstraintDomain with custom hooks only (took 5 ms, size +-1%)
INFO: Instrumented org.h2.command.ddl.AlterView with custom hooks only (took 1 ms, size +0%)
INFO: Instrumented org.h2.value.ExtTypeInfoEnum with custom hooks only (took 2 ms, size +-1%)
INFO: Instrumented org.h2.command.ddl.CreateSynonym with custom hooks only (took 3 ms, size +0%)
INFO: Instrumented org.h2.command.ddl.CreateTable with custom hooks only (took 5 ms, size +0%)
INFO: Instrumented org.h2.command.ddl.CreateLinkedTable with custom hooks only (took 4 ms, size +0%)
INFO: Instrumented org.h2.table.TableLink with custom hooks only (took 16 ms, size +1%)
INFO: Instrumented org.h2.command.ddl.CreateAggregate with custom hooks only (took 1 ms, size +-1%)
INFO: Instrumented org.h2.schema.UserAggregate with custom hooks only (took 1 ms, size +0%)
INFO: Instrumented org.h2.schema.UserDefinedFunction with custom hooks only (took 1 ms, size +0%)
INFO: Instrumented org.h2.command.ddl.CreateDomain with custom hooks only (took 3 ms, size +0%)
INFO: Instrumented org.h2.command.ddl.CreateConstant with custom hooks only (took 4 ms, size +0%)
INFO: Instrumented org.h2.schema.Constant with custom hooks only (took 2 ms, size +0%)
INFO: Instrumented org.h2.command.ddl.CreateSchema with custom hooks only (took 2 ms, size +0%)
INFO: Instrumented org.h2.command.ddl.CreateRole with custom hooks only (took 1 ms, size +-1%)
INFO: Instrumented org.h2.command.ddl.CreateTrigger with custom hooks only (took 2 ms, size +0%)
INFO: Instrumented org.h2.command.ddl.CreateUser with custom hooks only (took 2 ms, size +-1%)
INFO: Instrumented org.h2.command.ddl.CreateSequence with custom hooks only (took 1 ms, size +0%)
INFO: Instrumented org.h2.command.ddl.CreateFunctionAlias with custom hooks only (took 2 ms, size +0%)
INFO: Instrumented org.h2.schema.FunctionAlias with custom hooks only (took 4 ms, size +0%)
INFO: Instrumented org.h2.command.ddl.CreateMaterializedView with custom hooks only (took 1 ms, size +0%)
INFO: Instrumented org.h2.command.ddl.CreateView with custom hooks only (took 2 ms, size +0%)
INFO: Instrumented org.h2.expression.Format with custom hooks only (took 2 ms, size +0%)
INFO: Instrumented org.h2.expression.TimeZoneOperation with custom hooks only (took 4 ms, size +0%)
INFO: Instrumented org.h2.expression.FieldReference with custom hooks only (took 1 ms, size +-1%)
INFO: Instrumented org.h2.value.ExtTypeInfoNumeric with custom hooks only (took 1 ms, size +0%)
INFO: Instrumented org.h2.expression.function.ConcatFunction with custom hooks only (took 2 ms, size +-1%)
INFO: Instrumented org.h2.expression.BinaryOperation with custom hooks only (took 5 ms, size +-1%)
INFO: Instrumented org.h2.expression.IntervalOperation with custom hooks only (took 6 ms, size +0%)
INFO: Instrumented org.h2.expression.condition.IsJsonPredicate with custom hooks only (took 4 ms, size +-1%)
INFO: Instrumented org.h2.util.json.JSONValidationTarget with custom hooks only (took 1 ms, size +0%)
INFO: Instrumented org.h2.util.json.JSONTarget with custom hooks only (took 0 ms, size +0%)
INFO: Instrumented org.h2.util.json.JSONValidationTargetWithUniqueKeys with custom hooks only (took 2 ms, size +0%)
INFO: Instrumented org.h2.util.json.JSONValidationTargetWithoutUniqueKeys with custom hooks only (took 2 ms, size +0%)
INFO: Instrumented org.h2.expression.condition.TypePredicate with custom hooks only (took 1 ms, size +-1%)
INFO: Instrumented org.h2.expression.condition.BooleanTest with custom hooks only (took 2 ms, size +-1%)
INFO: Instrumented org.h2.expression.aggregate.Aggregate with custom hooks only (took 10 ms, size +-1%)
INFO: Instrumented org.h2.expression.aggregate.AggregateData with custom hooks only (took 1 ms, size +0%)
INFO: Instrumented org.h2.expression.aggregate.AggregateDataDefault with custom hooks only (took 3 ms, size +-1%)
INFO: Instrumented org.h2.expression.aggregate.AggregateDataAvg with custom hooks only (took 1 ms, size +-1%)
INFO: Instrumented org.h2.expression.aggregate.AggregateDataStdVar with custom hooks only (took 1 ms, size +-1%)
INFO: Instrumented org.h2.expression.analysis.WindowFunction with custom hooks only (took 3 ms, size +-1%)
INFO: Instrumented org.h2.expression.condition.ConditionIn with custom hooks only (took 5 ms, size +-1%)
INFO: Instrumented org.h2.expression.condition.ConditionInArray with custom hooks only (took 4 ms, size +-1%)
INFO: Instrumented org.h2.expression.condition.ConditionInQuery with custom hooks only (took 4 ms, size +-1%)
INFO: Instrumented org.h2.expression.condition.UniquePredicate with custom hooks only (took 2 ms, size +0%)
INFO: Instrumented org.h2.expression.condition.ExistsPredicate with custom hooks only (took 1 ms, size +0%)
INFO: Instrumented org.h2.expression.condition.PredicateWithSubquery with custom hooks only (took 2 ms, size +0%)
INFO: Instrumented org.h2.expression.condition.ConditionNot with custom hooks only (took 2 ms, size +0%)
INFO: Instrumented org.h2.command.query.TableValueConstructor with custom hooks only (took 4 ms, size +-1%)
INFO: Instrumented org.h2.table.TableValueConstructorTable with custom hooks only (took 1 ms, size +0%)
INFO: Instrumented org.h2.command.ddl.TruncateTable with custom hooks only (took 1 ms, size +0%)
INFO: Instrumented org.h2.expression.condition.Comparison with custom hooks only (took 5 ms, size +-1%)
INFO: Instrumented org.h2.command.ddl.SetComment with custom hooks only (took 2 ms, size +0%)
INFO: Instrumented org.h2.command.ddl.DropSynonym with custom hooks only (took 0 ms, size +0%)
INFO: Instrumented org.h2.command.ddl.DropAggregate with custom hooks only (took 1 ms, size +-1%)
INFO: Instrumented org.h2.command.ddl.DropDomain with custom hooks only (took 1 ms, size +-1%)
INFO: Instrumented org.h2.command.ddl.AlterDomain with custom hooks only (took 1 ms, size +-1%)
INFO: Instrumented org.h2.command.ddl.DropDatabase with custom hooks only (took 1 ms, size +8%)
INFO: Instrumented org.h2.command.ddl.DropSchema with custom hooks only (took 0 ms, size +-1%)
INFO: Instrumented org.h2.command.ddl.DropFunctionAlias with custom hooks only (took 1 ms, size +-1%)
INFO: Instrumented org.h2.command.ddl.DropRole with custom hooks only (took 0 ms, size +-1%)
INFO: Instrumented org.h2.command.ddl.DropView with custom hooks only (took 0 ms, size +0%)
INFO: Instrumented org.h2.command.ddl.DropMaterializedView with custom hooks only (took 1 ms, size +0%)
INFO: Instrumented org.h2.command.ddl.DropTrigger with custom hooks only (took 0 ms, size +-1%)
INFO: Instrumented org.h2.command.ddl.DropConstant with custom hooks only (took 0 ms, size +-1%)
INFO: Instrumented org.h2.command.ddl.DropSequence with custom hooks only (took 1 ms, size +0%)
INFO: Instrumented org.h2.command.ddl.DropUser with custom hooks only (took 1 ms, size +-1%)
INFO: Instrumented org.h2.command.ddl.DropTable with custom hooks only (took 2 ms, size +0%)
INFO: Instrumented org.h2.table.RangeTable with custom hooks only (took 1 ms, size +0%)
INFO: Instrumented org.h2.index.RangeIndex with custom hooks only (took 1 ms, size +-1%)
INFO: Instrumented org.h2.table.DualTable with custom hooks only (took 1 ms, size +0%)
INFO: Instrumented org.h2.index.DualIndex with custom hooks only (took 1 ms, size +0%)
INFO: Instrumented org.h2.table.FunctionTable with custom hooks only (took 1 ms, size +0%)
INFO: Instrumented org.h2.command.dml.MergeUsing$WhenMatchedThenDelete with custom hooks only (took 1 ms, size +0%)
INFO: Instrumented org.h2.expression.function.table.JavaTableFunction with custom hooks only (took 1 ms, size +0%)
INFO: Instrumented org.h2.expression.function.table.ArrayTableFunction with custom hooks only (took 4 ms, size +0%)
INFO: Instrumented org.h2.expression.function.table.TableFunction with custom hooks only (took 1 ms, size +-1%)
INFO: Instrumented org.h2.command.dml.MergeUsing$WhenMatchedThenUpdate with custom hooks only (took 1 ms, size +0%)
INFO: Instrumented org.h2.command.dml.MergeUsing with custom hooks only (took 3 ms, size +-1%)
INFO: Instrumented org.h2.command.dml.Update with custom hooks only (took 2 ms, size +-1%)
INFO: Instrumented org.h2.command.dml.BackupCommand with custom hooks only (took 1 ms, size +0%)
INFO: Instrumented org.h2.command.dml.ScriptCommand with custom hooks only (took 9 ms, size +0%)
INFO: Instrumented org.h2.store.FileStoreInputStream with custom hooks only (took 2 ms, size +0%)
INFO: Instrumented org.h2.store.FileStoreOutputStream with custom hooks only (took 1 ms, size +0%)
INFO: Instrumented org.h2.command.dml.ScriptCommand$1 with custom hooks only (took 1 ms, size +0%)
INFO: Instrumented org.h2.command.dml.ScriptCommand$2 with custom hooks only (took 1 ms, size +0%)
INFO: Instrumented org.h2.command.ddl.RefreshMaterializedView with custom hooks only (took 1 ms, size +0%)
INFO: Instrumented org.h2.command.dml.RunScriptCommand with custom hooks only (took 3 ms, size +0%)
INFO: Instrumented org.h2.command.dml.ScriptBase with custom hooks only (took 2 ms, size +0%)
INFO: Instrumented org.h2.command.ddl.GrantRevoke with custom hooks only (took 3 ms, size +-1%)
INFO: Instrumented org.h2.command.dml.ExecuteImmediate with custom hooks only (took 1 ms, size +0%)
INFO: Instrumented org.h2.command.dml.Explain with custom hooks only (took 2 ms, size +-1%)
INFO: Instrumented org.h2.command.ddl.DeallocateProcedure with custom hooks only (took 1 ms, size +0%)
INFO: Instrumented org.h2.command.dml.TransactionCommand with custom hooks only (took 2 ms, size +0%)
INFO: Instrumented org.h2.command.ddl.Analyze with custom hooks only (took 1 ms, size +0%)
INFO: Instrumented org.h2.command.dml.Help with custom hooks only (took 2 ms, size +12%)
INFO: Instrumented org.h2.command.ddl.CreateIndex with custom hooks only (took 1 ms, size +0%)
INFO: Instrumented org.h2.command.ddl.DropIndex with custom hooks only (took 1 ms, size +-1%)
INFO: Instrumented org.h2.command.ddl.AlterTableDropConstraint with custom hooks only (took 1 ms, size +0%)
INFO: Instrumented org.h2.command.ddl.AlterTableAddConstraint with custom hooks only (took 6 ms, size +0%)
INFO: Instrumented org.h2.command.ddl.AlterTableRename with custom hooks only (took 1 ms, size +-1%)
INFO: Instrumented org.h2.command.ddl.AlterTableRenameConstraint with custom hooks only (took 0 ms, size +-1%)
INFO: Instrumented org.h2.expression.Wildcard with custom hooks only (took 2 ms, size +-1%)
INFO: Instrumented org.h2.expression.function.CompatibilitySequenceValueFunction with custom hooks only (took 1 ms, size +2%)
INFO: Instrumented org.h2.command.CommandContainer with custom hooks only (took 3 ms, size +-1%)
INFO: Instrumented org.h2.command.CommandList with custom hooks only (took 2 ms, size +-1%)
INFO: Instrumented org.h2.command.Command with custom hooks only (took 3 ms, size +0%)
INFO: Instrumented org.h2.expression.aggregate.JavaAggregate with custom hooks only (took 2 ms, size +-1%)
INFO: Instrumented org.h2.expression.aggregate.AbstractAggregate with custom hooks only (took 3 ms, size +-1%)
INFO: Instrumented org.h2.expression.analysis.DataAnalysisOperation with custom hooks only (took 4 ms, size +-1%)
INFO: Instrumented org.h2.command.dml.Call with custom hooks only (took 1 ms, size +-1%)
INFO: Instrumented org.h2.expression.condition.CompareLike with custom hooks only (took 6 ms, size +2%)
INFO: Instrumented org.h2.expression.condition.BetweenPredicate with custom hooks only (took 2 ms, size +-1%)
INFO: Instrumented org.h2.expression.condition.ConditionAndOrN with custom hooks only (took 3 ms, size +-1%)
INFO: Instrumented org.h2.expression.condition.ConditionLocalAndGlobal with custom hooks only (took 2 ms, size +-1%)
INFO: Instrumented org.h2.expression.condition.ConditionAndOr with custom hooks only (took 2 ms, size +-1%)
INFO: Instrumented org.h2.command.dml.MergeUsing$WhenNotMatched with custom hooks only (took 1 ms, size +0%)
INFO: Instrumented org.h2.command.dml.MergeUsing$When with custom hooks only (took 1 ms, size +0%)
INFO: Instrumented org.h2.command.query.SelectUnion with custom hooks only (took 3 ms, size +0%)
INFO: Instrumented org.h2.table.DataChangeDeltaTable with custom hooks only (took 1 ms, size +0%)
INFO: Instrumented org.h2.table.VirtualConstructedTable with custom hooks only (took 0 ms, size +0%)
INFO: Instrumented org.h2.table.VirtualTable with custom hooks only (took 1 ms, size +0%)
INFO: Instrumented org.h2.command.dml.Insert with custom hooks only (took 4 ms, size +-1%)
INFO: Instrumented org.h2.result.ResultTarget with custom hooks only (took 0 ms, size +0%)
INFO: Instrumented org.h2.command.dml.Merge with custom hooks only (took 5 ms, size +-1%)
INFO: Instrumented org.h2.command.dml.CommandWithValues with custom hooks only (took 0 ms, size +0%)
INFO: Instrumented org.h2.command.dml.Delete with custom hooks only (took 2 ms, size +-1%)
INFO: Instrumented org.h2.command.dml.FilteredDataChangeStatement with custom hooks only (took 1 ms, size +-1%)
INFO: Instrumented org.h2.command.dml.DataChangeStatement with custom hooks only (took 0 ms, size +0%)
INFO: Instrumented org.h2.command.dml.ExecuteProcedure with custom hooks only (took 1 ms, size +0%)
INFO: Instrumented org.h2.expression.Alias with custom hooks only (took 2 ms, size +-1%)
INFO: Instrumented org.h2.command.ddl.PrepareProcedure with custom hooks only (took 0 ms, size +0%)
INFO: Instrumented org.h2.expression.function.CurrentDateTimeValueFunction with custom hooks only (took 1 ms, size +0%)
INFO: Instrumented org.h2.expression.function.JavaFunction with custom hooks only (took 2 ms, size +-1%)
INFO: Instrumented org.h2.expression.function.TruncateValueFunction with custom hooks only (took 1 ms, size +-1%)
INFO: Instrumented org.h2.expression.function.SignalFunction with custom hooks only (took 0 ms, size +15%)
INFO: Instrumented org.h2.expression.function.DBObjectFunction with custom hooks only (took 2 ms, size +1%)
INFO: Instrumented org.h2.expression.function.DataTypeSQLFunction with custom hooks only (took 1 ms, size +1%)
INFO: Instrumented org.h2.expression.function.FileFunction with custom hooks only (took 2 ms, size +-1%)
INFO: Instrumented org.h2.expression.function.TableInfoFunction with custom hooks only (took 1 ms, size +0%)
INFO: Instrumented org.h2.expression.function.SysInfoFunction with custom hooks only (took 1 ms, size +0%)
INFO: Instrumented org.h2.expression.function.SessionControlFunction with custom hooks only (took 1 ms, size +0%)
INFO: Instrumented org.h2.expression.function.RandFunction with custom hooks only (took 1 ms, size +0%)
INFO: Instrumented org.h2.expression.function.Function0_1 with custom hooks only (took 1 ms, size +-1%)
INFO: Instrumented org.h2.expression.function.HashFunction with custom hooks only (took 2 ms, size +0%)
INFO: Instrumented org.h2.security.SHA3 with custom hooks only (took 2 ms, size +-1%)
INFO: Instrumented org.h2.expression.function.NullIfFunction with custom hooks only (took 0 ms, size +0%)
INFO: Instrumented org.h2.expression.function.CryptFunction with custom hooks only (took 2 ms, size +-1%)
INFO: Instrumented org.h2.expression.function.JsonConstructorFunction with custom hooks only (took 2 ms, size +-1%)
INFO: Instrumented org.h2.expression.ExpressionWithFlags with custom hooks only (took 0 ms, size +0%)
INFO: Instrumented org.h2.expression.function.SoundexFunction with custom hooks only (took 2 ms, size +0%)
INFO: Instrumented org.h2.expression.function.CompressFunction with custom hooks only (took 1 ms, size +0%)
INFO: Instrumented org.h2.expression.function.ArrayFunction with custom hooks only (took 1 ms, size +-1%)
INFO: Instrumented org.h2.expression.function.TrimFunction with custom hooks only (took 1 ms, size +-1%)
INFO: Instrumented org.h2.expression.function.LengthFunction with custom hooks only (took 1 ms, size +0%)
INFO: Instrumented org.h2.expression.function.ToCharFunction with custom hooks only (took 6 ms, size +1%)
INFO: Instrumented org.h2.expression.function.DayMonthNameFunction with custom hooks only (took 1 ms, size +0%)
INFO: Instrumented org.h2.expression.function.BitFunction with custom hooks only (took 3 ms, size +0%)
INFO: Instrumented org.h2.expression.function.MathFunction2 with custom hooks only (took 1 ms, size +-1%)
INFO: Instrumented org.h2.expression.function.MathFunction1 with custom hooks only (took 1 ms, size +0%)
INFO: Instrumented org.h2.expression.function.MathFunction with custom hooks only (took 2 ms, size +0%)
INFO: Instrumented org.h2.mode.Regclass with custom hooks only (took 1 ms, size +0%)
INFO: Instrumented org.h2.expression.function.DateTimeFormatFunction with custom hooks only (took 2 ms, size +-1%)
INFO: Instrumented org.h2.command.ddl.AlterSequence with custom hooks only (took 1 ms, size +0%)
INFO: Instrumented org.h2.command.ddl.SchemaOwnerCommand with custom hooks only (took 0 ms, size +0%)
INFO: Instrumented org.h2.expression.DomainValueExpression with custom hooks only (took 1 ms, size +0%)
INFO: Instrumented org.h2.expression.function.StringFunction2 with custom hooks only (took 0 ms, size +-1%)
INFO: Instrumented org.h2.expression.Rownum with custom hooks only (took 1 ms, size +0%)
INFO: Instrumented org.h2.expression.TypedValueExpression with custom hooks only (took 1 ms, size +-1%)
INFO: Instrumented org.h2.expression.ArrayConstructorByQuery with custom hooks only (took 1 ms, size +0%)
INFO: Instrumented org.h2.expression.ExpressionList with custom hooks only (took 2 ms, size +-1%)
INFO: Instrumented org.h2.expression.UnaryOperation with custom hooks only (took 1 ms, size +0%)
INFO: Instrumented org.h2.expression.Subquery with custom hooks only (took 2 ms, size +-1%)
INFO: Instrumented org.h2.expression.Parameter with custom hooks only (took 1 ms, size +0%)
INFO: Instrumented org.h2.expression.ParameterInterface with custom hooks only (took 0 ms, size +0%)
INFO: Instrumented org.h2.expression.function.SetFunction with custom hooks only (took 0 ms, size +0%)
INFO: Instrumented org.h2.expression.function.Function2 with custom hooks only (took 0 ms, size +0%)
INFO: Instrumented org.h2.expression.Variable with custom hooks only (took 0 ms, size +0%)
INFO: Instrumented org.h2.mode.OnDuplicateKeyValues with custom hooks only (took 0 ms, size +0%)
INFO: Instrumented org.h2.expression.function.SubstringFunction with custom hooks only (took 0 ms, size +0%)
INFO: Instrumented org.h2.command.query.Select with custom hooks only (took 15 ms, size +-1%)
INFO: Instrumented org.h2.command.query.Query with custom hooks only (took 8 ms, size +-1%)
INFO: Instrumented org.h2.command.ddl.AlterTableAlterColumn with custom hooks only (took 4 ms, size +-1%)
INFO: Instrumented org.h2.command.ddl.CommandWithColumns with custom hooks only (took 1 ms, size +-1%)
INFO: Instrumented org.h2.command.ddl.AlterTableRenameColumn with custom hooks only (took 0 ms, size +0%)
INFO: Instrumented org.h2.command.ddl.AlterTable with custom hooks only (took 0 ms, size +0%)
INFO: Instrumented org.h2.command.ddl.SchemaCommand with custom hooks only (took 0 ms, size +0%)
INFO: Instrumented org.h2.command.ddl.DefineCommand with custom hooks only (took 0 ms, size +0%)
INFO: Instrumented org.h2.expression.function.StringFunction1 with custom hooks only (took 3 ms, size +-1%)
INFO: Instrumented org.h2.expression.function.StringFunction with custom hooks only (took 1 ms, size +-1%)
INFO: Instrumented org.h2.expression.function.DateTimeFunction with custom hooks only (took 7 ms, size +-1%)
INFO: Instrumented org.h2.expression.function.CurrentGeneralValueSpecification with custom hooks only (took 1 ms, size +0%)
INFO: Instrumented org.h2.expression.function.CoalesceFunction with custom hooks only (took 1 ms, size +-1%)
INFO: Instrumented org.h2.expression.function.FunctionN with custom hooks only (took 1 ms, size +-5%)
INFO: Instrumented org.h2.expression.function.CastSpecification with custom hooks only (took 1 ms, size +-1%)
INFO: Instrumented org.h2.expression.function.Function1_2 with custom hooks only (took 0 ms, size +-1%)
INFO: Instrumented org.h2.expression.Operation1_2 with custom hooks only (took 1 ms, size +-1%)
INFO: Instrumented org.h2.expression.condition.NullPredicate with custom hooks only (took 2 ms, size +-1%)
INFO: Instrumented org.h2.expression.condition.SimplePredicate with custom hooks only (took 1 ms, size +0%)
INFO: Instrumented org.h2.expression.condition.Condition with custom hooks only (took 0 ms, size +0%)
INFO: Instrumented org.h2.expression.SimpleCase with custom hooks only (took 2 ms, size +-1%)
INFO: Instrumented org.h2.expression.function.CardinalityExpression with custom hooks only (took 1 ms, size +-1%)
INFO: Instrumented org.h2.expression.function.Function1 with custom hooks only (took 0 ms, size +0%)
INFO: Instrumented org.h2.expression.Operation1 with custom hooks only (took 1 ms, size +0%)
INFO: Instrumented org.h2.expression.function.NamedExpression with custom hooks only (took 0 ms, size +0%)
INFO: Instrumented org.h2.expression.ArrayElementReference with custom hooks only (took 0 ms, size +-1%)
INFO: Instrumented org.h2.expression.Operation2 with custom hooks only (took 0 ms, size +-1%)
INFO: Instrumented org.h2.expression.ConcatenationOperation with custom hooks only (took 1 ms, size +0%)
INFO: Instrumented org.h2.command.dml.Set with custom hooks only (took 3 ms, size +0%)
INFO: Instrumented org.h2.command.dml.NoOperation with custom hooks only (took 0 ms, size +0%)
INFO: Instrumented org.h2.command.dml.SetSessionCharacteristics with custom hooks only (took 0 ms, size +0%)
INFO: Instrumented org.h2.expression.SearchedCase with custom hooks only (took 0 ms, size +-2%)
INFO: Instrumented org.h2.expression.OperationN with custom hooks only (took 1 ms, size +-1%)
INFO: Instrumented org.h2.expression.ExpressionWithVariableParameters with custom hooks only (took 0 ms, size +0%)
INFO: Instrumented org.h2.expression.SequenceValue with custom hooks only (took 2 ms, size +0%)
INFO: Instrumented org.h2.expression.ExpressionColumn with custom hooks only (took 5 ms, size +-1%)
INFO: Instrumented org.h2.command.Parser with custom hooks only (took 62 ms, size +-1%)
INFO: Instrumented org.h2.command.ParserBase with custom hooks only (took 8 ms, size +-1%)
INFO: Instrumented org.h2.command.Prepared with custom hooks only (took 3 ms, size +0%)
INFO: Instrumented org.h2.engine.MetaRecord with custom hooks only (took 3 ms, size +-1%)
INFO: Instrumented org.h2.mvstore.tx.Snapshot with custom hooks only (took 0 ms, size +-1%)
INFO: Instrumented org.h2.mvstore.tx.TransactionMap$2 with custom hooks only (took 0 ms, size +0%)
INFO: Instrumented org.h2.mvstore.db.MVPrimaryIndex$MVStoreCursor with custom hooks only (took 0 ms, size +0%)
INFO: Instrumented org.h2.result.SortOrder with custom hooks only (took 1 ms, size +-1%)
INFO: Instrumented org.h2.util.ParserUtil with custom hooks only (took 1 ms, size +-1%)
INFO: Instrumented org.h2.mvstore.db.MVTable$TraceLockEvent with custom hooks only (took 1 ms, size +0%)
INFO: Instrumented org.h2.mvstore.tx.TransactionMap$CommittedIterator with custom hooks only (took 0 ms, size +0%)
INFO: Instrumented org.h2.mvstore.tx.TransactionMap$RepeatableIterator with custom hooks only (took 0 ms, size +0%)
INFO: Instrumented org.h2.mvstore.tx.TxDecisionMaker$RepeatableReadLockDecisionMaker with custom hooks only (took 0 ms, size +0%)
INFO: Instrumented org.h2.mvstore.tx.TxDecisionMaker$LockDecisionMaker with custom hooks only (took 0 ms, size +-1%)
INFO: Instrumented org.h2.mvstore.tx.TxDecisionMaker$PutIfAbsentDecisionMaker with custom hooks only (took 2 ms, size +-1%)
INFO: Instrumented org.h2.mvstore.tx.TxDecisionMaker with custom hooks only (took 2 ms, size +-1%)
INFO: Instrumented org.h2.mvstore.tx.TransactionMap$ValidationIterator with custom hooks only (took 1 ms, size +0%)
INFO: Instrumented org.h2.mvstore.tx.TransactionMap$UncommittedIterator with custom hooks only (took 0 ms, size +0%)
INFO: Instrumented org.h2.mvstore.tx.TransactionMap$TMIterator with custom hooks only (took 0 ms, size +0%)
INFO: Instrumented org.h2.mvstore.tx.TransactionMap with custom hooks only (took 6 ms, size +-1%)
INFO: Instrumented org.h2.mvstore.tx.VersionedValueCommitted with custom hooks only (took 0 ms, size +0%)
INFO: Instrumented org.h2.mvstore.tx.TransactionStore$TxMapBuilder$TMVMap with custom hooks only (took 0 ms, size +0%)
INFO: Instrumented org.h2.mvstore.rtree.MVRTreeMap with custom hooks only (took 4 ms, size +0%)
INFO: Instrumented org.h2.mvstore.rtree.MVRTreeMap$RTreeCursor with custom hooks only (took 0 ms, size +-1%)
INFO: Instrumented org.h2.mvstore.rtree.MVRTreeMap$IntersectsRTreeCursor with custom hooks only (took 0 ms, size +0%)
INFO: Instrumented org.h2.mvstore.rtree.MVRTreeMap$ContainsRTreeCursor with custom hooks only (took 0 ms, size +0%)
INFO: Instrumented org.h2.mvstore.tx.TransactionStore$TxMapBuilder with custom hooks only (took 0 ms, size +-1%)
INFO: Instrumented org.h2.mvstore.tx.Record with custom hooks only (took 0 ms, size +0%)
INFO: Instrumented org.h2.mvstore.tx.Transaction with custom hooks only (took 7 ms, size +0%)
INFO: Instrumented org.h2.index.IndexType with custom hooks only (took 2 ms, size +-1%)
INFO: Instrumented org.h2.table.IndexColumn with custom hooks only (took 1 ms, size +-2%)
INFO: Instrumented org.h2.index.Cursor with custom hooks only (took 0 ms, size +0%)
INFO: Instrumented org.h2.mvstore.db.MVPrimaryIndex with custom hooks only (took 7 ms, size +0%)
INFO: Instrumented org.h2.mvstore.db.MVSecondaryIndex with custom hooks only (took 3 ms, size +-1%)
INFO: Instrumented org.h2.mvstore.db.MVSpatialIndex with custom hooks only (took 4 ms, size +-1%)
INFO: Instrumented org.h2.mvstore.rtree.Spatial with custom hooks only (took 0 ms, size +0%)
INFO: Instrumented org.h2.index.SpatialIndex with custom hooks only (took 0 ms, size +0%)
INFO: Instrumented org.h2.mvstore.db.MVDelegateIndex with custom hooks only (took 2 ms, size +0%)
INFO: Instrumented org.h2.mvstore.db.MVIndex with custom hooks only (took 0 ms, size +0%)
INFO: Instrumented org.h2.schema.TriggerObject with custom hooks only (took 3 ms, size +0%)
INFO: Instrumented org.h2.table.TableSynonym with custom hooks only (took 1 ms, size +0%)
INFO: Instrumented org.h2.table.TableView with custom hooks only (took 3 ms, size +0%)
INFO: Instrumented org.h2.table.QueryExpressionTable with custom hooks only (took 2 ms, size +-1%)
INFO: Instrumented org.h2.index.Index with custom hooks only (took 6 ms, size +1%)
INFO: Instrumented org.h2.constraint.Constraint with custom hooks only (took 1 ms, size +0%)
INFO: Instrumented org.h2.value.ExtTypeInfoGeometry with custom hooks only (took 1 ms, size +-1%)
INFO: Instrumented org.h2.value.ExtTypeInfoRow with custom hooks only (took 1 ms, size +-1%)
INFO: Instrumented org.h2.value.TypeInfo with custom hooks only (took 6 ms, size +-1%)
INFO: Instrumented org.h2.value.ExtTypeInfo with custom hooks only (took 0 ms, size +0%)
INFO: Instrumented org.h2.expression.ValueExpression with custom hooks only (took 1 ms, size +-1%)
INFO: Instrumented org.h2.expression.Operation0 with custom hooks only (took 0 ms, size +0%)
INFO: Instrumented org.h2.expression.Expression with custom hooks only (took 3 ms, size +-1%)
INFO: Instrumented org.h2.table.ColumnResolver with custom hooks only (took 1 ms, size +0%)
INFO: Instrumented org.h2.schema.Sequence with custom hooks only (took 5 ms, size +-1%)
INFO: Instrumented org.h2.table.Column with custom hooks only (took 10 ms, size +-1%)
INFO: Instrumented org.h2.command.ddl.CreateTableData with custom hooks only (took 0 ms, size +0%)
INFO: Instrumented org.h2.mvstore.FileStore$RemovedPageInfo with custom hooks only (took 1 ms, size +0%)
INFO: Instrumented org.h2.mvstore.MVMap$4 with custom hooks only (took 0 ms, size +0%)
INFO: Instrumented org.h2.mvstore.MVMap$Decision with custom hooks only (took 0 ms, size +0%)
INFO: Instrumented org.h2.mvstore.MVMap$IntValueHolder with custom hooks only (took 0 ms, size +0%)
INFO: Instrumented org.h2.mvstore.MVMap$DecisionMaker$5 with custom hooks only (took 0 ms, size +0%)
INFO: Instrumented org.h2.mvstore.MVMap$DecisionMaker$4 with custom hooks only (took 2 ms, size +0%)
INFO: Instrumented org.h2.mvstore.MVMap$DecisionMaker$3 with custom hooks only (took 1 ms, size +0%)
INFO: Instrumented org.h2.mvstore.MVMap$DecisionMaker$2 with custom hooks only (took 0 ms, size +0%)
INFO: Instrumented org.h2.mvstore.MVMap$DecisionMaker$1 with custom hooks only (took 0 ms, size +0%)
INFO: Instrumented org.h2.mvstore.MVStoreTool$GenericDataType with custom hooks only (took 1 ms, size +-1%)
INFO: Instrumented org.h2.util.TimeZoneProvider$WithTimeZone with custom hooks only (took 1 ms, size +0%)
INFO: Instrumented org.h2.util.TimeZoneProvider$Simple with custom hooks only (took 0 ms, size +0%)
INFO: Instrumented org.h2.util.TimeZoneProvider with custom hooks only (took 1 ms, size +-1%)
INFO: Instrumented org.h2.util.DateTimeUtils with custom hooks only (took 9 ms, size +-2%)
INFO: Instrumented org.h2.engine.IsolationLevel with custom hooks only (took 1 ms, size +0%)
INFO: Instrumented org.h2.engine.SessionLocal$State with custom hooks only (took 1 ms, size +0%)
INFO: Instrumented org.h2.jdbc.meta.DatabaseMetaLocal with custom hooks only (took 12 ms, size +-1%)
INFO: Instrumented org.h2.engine.Role with custom hooks only (took 0 ms, size +-1%)
INFO: Instrumented org.h2.mvstore.db.MVTable with custom hooks only (took 11 ms, size +-1%)
INFO: Instrumented org.h2.table.TableBase with custom hooks only (took 1 ms, size +0%)
INFO: Instrumented org.h2.schema.Domain with custom hooks only (took 3 ms, size +-1%)
INFO: Instrumented org.h2.table.ColumnTemplate with custom hooks only (took 0 ms, size +0%)
INFO: Instrumented org.h2.engine.Right with custom hooks only (took 3 ms, size +-1%)
INFO: Instrumented org.h2.mvstore.tx.Record$Type with custom hooks only (took 1 ms, size +-1%)
INFO: Instrumented org.h2.mvstore.type.ObjectDataType$SerializedObjectType with custom hooks only (took 1 ms, size +-1%)
INFO: Instrumented org.h2.mvstore.type.ObjectDataType$ObjectArrayType with custom hooks only (took 2 ms, size +4%)
INFO: Instrumented org.h2.mvstore.type.ObjectDataType$DateType with custom hooks only (took 1 ms, size +-1%)
INFO: Instrumented org.h2.mvstore.type.ObjectDataType$UUIDType with custom hooks only (took 3 ms, size +-1%)
INFO: Instrumented org.h2.mvstore.type.ObjectDataType$StringType with custom hooks only (took 3 ms, size +-1%)
INFO: Instrumented org.h2.mvstore.type.ObjectDataType$BigDecimalType with custom hooks only (took 1 ms, size +-1%)
INFO: Instrumented org.h2.mvstore.type.ObjectDataType$BigIntegerType with custom hooks only (took 3 ms, size +-1%)
INFO: Instrumented org.h2.mvstore.type.ObjectDataType$DoubleType with custom hooks only (took 1 ms, size +-1%)
INFO: Instrumented org.h2.mvstore.type.ObjectDataType$FloatType with custom hooks only (took 1 ms, size +-1%)
INFO: Instrumented org.h2.mvstore.type.ObjectDataType$LongType with custom hooks only (took 1 ms, size +-1%)
INFO: Instrumented org.h2.mvstore.type.ObjectDataType$IntegerType with custom hooks only (took 2 ms, size +-1%)
INFO: Instrumented org.h2.mvstore.type.ObjectDataType$CharacterType with custom hooks only (took 2 ms, size +0%)
INFO: Instrumented org.h2.mvstore.type.ObjectDataType$ShortType with custom hooks only (took 2 ms, size +0%)
INFO: Instrumented org.h2.mvstore.type.ObjectDataType$ByteType with custom hooks only (took 1 ms, size +0%)
INFO: Instrumented org.h2.mvstore.type.ObjectDataType$BooleanType with custom hooks only (took 1 ms, size +-1%)
INFO: Instrumented org.h2.mvstore.type.ObjectDataType$NullType with custom hooks only (took 1 ms, size +0%)
INFO: Instrumented org.h2.mvstore.type.ObjectDataType$AutoDetectDataType with custom hooks only (took 0 ms, size +0%)
INFO: Instrumented org.h2.mvstore.type.ObjectDataType with custom hooks only (took 3 ms, size +6%)
INFO: Instrumented org.h2.mvstore.db.LobStorageMap$BlobMeta$Type with custom hooks only (took 1 ms, size +0%)
INFO: Instrumented org.h2.mvstore.db.LobStorageMap$BlobReference$Type with custom hooks only (took 2 ms, size +-1%)
INFO: Instrumented org.h2.mvstore.type.LongDataType with custom hooks only (took 1 ms, size +0%)
INFO: Instrumented org.h2.mvstore.type.ByteArrayDataType with custom hooks only (took 1 ms, size +0%)
INFO: Instrumented org.h2.mvstore.db.NullValueDataType with custom hooks only (took 4 ms, size +0%)
INFO: Instrumented org.h2.mvstore.tx.VersionedValueType with custom hooks only (took 2 ms, size +-1%)
INFO: Instrumented org.h2.mvstore.tx.VersionedValueType$Factory with custom hooks only (took 0 ms, size +0%)
INFO: Instrumented org.h2.mvstore.MVMap$Builder with custom hooks only (took 1 ms, size +0%)
INFO: Instrumented org.h2.mvstore.MVMap$BasicBuilder with custom hooks only (took 1 ms, size +-1%)
INFO: Instrumented org.h2.mvstore.tx.VersionedBitSet with custom hooks only (took 0 ms, size +0%)
INFO: Instrumented org.h2.mvstore.type.MetaType with custom hooks only (took 1 ms, size +5%)
INFO: Instrumented org.h2.mvstore.tx.RollbackDecisionMaker with custom hooks only (took 0 ms, size +-1%)
INFO: Instrumented org.h2.mvstore.tx.CommitDecisionMaker with custom hooks only (took 1 ms, size +-1%)
INFO: Instrumented org.h2.mvstore.tx.TransactionStore with custom hooks only (took 5 ms, size +-1%)
INFO: Instrumented org.h2.mvstore.CursorPos with custom hooks only (took 0 ms, size +-1%)
INFO: Instrumented org.h2.mvstore.Cursor with custom hooks only (took 1 ms, size +-1%)
INFO: Instrumented org.h2.mvstore.FileStore$1 with custom hooks only (took 0 ms, size +0%)
INFO: Instrumented org.h2.util.MemoryEstimator with custom hooks only (took 2 ms, size +-1%)
INFO: Instrumented org.h2.mvstore.RootReference with custom hooks only (took 2 ms, size +-1%)
INFO: Instrumented org.h2.mvstore.Page$PageReference with custom hooks only (took 1 ms, size +0%)
INFO: Instrumented org.h2.mvstore.Page$NonLeaf with custom hooks only (took 3 ms, size +-1%)
INFO: Instrumented org.h2.mvstore.Page$Leaf with custom hooks only (took 3 ms, size +-1%)
INFO: Instrumented org.h2.mvstore.Page with custom hooks only (took 6 ms, size +0%)
INFO: Instrumented org.h2.mvstore.type.StringDataType with custom hooks only (took 1 ms, size +0%)
INFO: Instrumented org.h2.mvstore.MVMap$RewriteDecisionMaker with custom hooks only (took 1 ms, size +0%)
INFO: Instrumented org.h2.mvstore.MVMap$EqualsDecisionMaker with custom hooks only (took 1 ms, size +-1%)
INFO: Instrumented org.h2.mvstore.MVMap$DecisionMaker with custom hooks only (took 0 ms, size +0%)
INFO: Instrumented org.h2.mvstore.MVMap with custom hooks only (took 12 ms, size +-2%)
INFO: Instrumented org.h2.mvstore.cache.FilePathCache$FileCache with custom hooks only (took 2 ms, size +0%)
INFO: Instrumented org.h2.mvstore.cache.FilePathCache with custom hooks only (took 1 ms, size +0%)
INFO: Instrumented org.h2.mvstore.FreeSpaceBitSet with custom hooks only (took 5 ms, size +-1%)
INFO: Instrumented org.h2.mvstore.cache.CacheLongKeyLIRS$Entry with custom hooks only (took 4 ms, size +0%)
INFO: Instrumented org.h2.mvstore.cache.CacheLongKeyLIRS$Segment with custom hooks only (took 5 ms, size +-1%)
INFO: Instrumented org.h2.mvstore.cache.CacheLongKeyLIRS with custom hooks only (took 4 ms, size +-1%)
INFO: Instrumented org.h2.mvstore.cache.CacheLongKeyLIRS$Config with custom hooks only (took 1 ms, size +0%)
INFO: Instrumented org.h2.store.fs.encrypt.FileEncrypt with custom hooks only (took 3 ms, size +-1%)
INFO: Instrumented org.h2.security.BlockCipher with custom hooks only (took 0 ms, size +0%)
INFO: Instrumented org.h2.mvstore.DataUtils with custom hooks only (took 10 ms, size +-1%)
INFO: Instrumented org.h2.mvstore.MVStore$TxCounter with custom hooks only (took 1 ms, size +0%)
INFO: Instrumented org.h2.mvstore.SingleFileStore with custom hooks only (took 3 ms, size +0%)
INFO: Instrumented org.h2.mvstore.RandomAccessStore with custom hooks only (took 8 ms, size +1%)
INFO: Instrumented org.h2.mvstore.FileStore with custom hooks only (took 18 ms, size +-1%)
INFO: Instrumented org.h2.mvstore.MVStore with custom hooks only (took 25 ms, size +-1%)
INFO: Instrumented org.h2.mvstore.MVStoreTool$1 with custom hooks only (took 0 ms, size +0%)
INFO: Instrumented org.h2.mvstore.MVMap$MapBuilder with custom hooks only (took 0 ms, size +0%)
INFO: Instrumented org.h2.mvstore.SFChunk with custom hooks only (took 0 ms, size +0%)
INFO: Instrumented org.h2.mvstore.Chunk with custom hooks only (took 5 ms, size +-1%)
INFO: Instrumented org.h2.mvstore.MVStoreTool with custom hooks only (took 6 ms, size +3%)
INFO: Instrumented org.h2.mvstore.MVStore$Builder with custom hooks only (took 1 ms, size +0%)
INFO: Instrumented org.h2.mvstore.db.Store with custom hooks only (took 4 ms, size +-1%)
INFO: Instrumented org.h2.message.Trace with custom hooks only (took 3 ms, size +-1%)
INFO: Instrumented org.h2.message.TraceSystem with custom hooks only (took 6 ms, size +3%)
INFO: Instrumented org.h2.message.TraceWriter with custom hooks only (took 0 ms, size +0%)
INFO: Instrumented org.h2.store.FileLockMethod with custom hooks only (took 0 ms, size +0%)
INFO: Instrumented org.h2.mvstore.db.ValueDataType$Factory with custom hooks only (took 0 ms, size +0%)
INFO: Instrumented org.h2.value.ValueJson with custom hooks only (took 2 ms, size +0%)
INFO: Instrumented org.h2.util.json.JSONValueTarget with custom hooks only (took 1 ms, size +0%)
INFO: Instrumented org.h2.util.json.JSONByteArrayTarget with custom hooks only (took 2 ms, size +-1%)
INFO: Instrumented org.h2.util.json.JSONStringTarget with custom hooks only (took 3 ms, size +-1%)
INFO: Instrumented org.h2.value.ValueGeometry with custom hooks only (took 2 ms, size +0%)
INFO: Instrumented org.h2.util.geometry.GeometryUtils$Target with custom hooks only (took 1 ms, size +0%)
INFO: Instrumented org.h2.util.geometry.EWKTUtils$EWKTTarget with custom hooks only (took 2 ms, size +-1%)
INFO: Instrumented org.h2.util.geometry.GeometryUtils$EnvelopeTarget with custom hooks only (took 0 ms, size +0%)
INFO: Instrumented org.h2.value.ValueRow with custom hooks only (took 1 ms, size +-1%)
INFO: Instrumented org.h2.value.ValueArray with custom hooks only (took 1 ms, size +-1%)
INFO: Instrumented org.h2.value.ValueCollectionBase with custom hooks only (took 1 ms, size +-1%)
INFO: Instrumented org.h2.value.lob.LobDataDatabase with custom hooks only (took 0 ms, size +0%)
INFO: Instrumented org.h2.value.lob.LobData with custom hooks only (took 0 ms, size +0%)
INFO: Instrumented org.h2.value.ValueDouble with custom hooks only (took 2 ms, size +0%)
INFO: Instrumented org.h2.value.ValueReal with custom hooks only (took 2 ms, size +0%)
INFO: Instrumented org.h2.value.ValueInterval with custom hooks only (took 2 ms, size +-1%)
INFO: Instrumented org.h2.value.ValueEnum with custom hooks only (took 0 ms, size +0%)
INFO: Instrumented org.h2.value.ValueEnumBase with custom hooks only (took 1 ms, size +0%)
INFO: Instrumented org.h2.value.ValueChar with custom hooks only (took 0 ms, size +0%)
INFO: Instrumented org.h2.value.ValueVarcharIgnoreCase with custom hooks only (took 0 ms, size +0%)
INFO: Instrumented org.h2.value.ValueUuid with custom hooks only (took 2 ms, size +0%)
INFO: Instrumented org.h2.value.ValueJavaObject with custom hooks only (took 0 ms, size +0%)
INFO: Instrumented org.h2.value.ValueBinary with custom hooks only (took 0 ms, size +-1%)
INFO: Instrumented org.h2.value.ValueTimestampTimeZone with custom hooks only (took 1 ms, size +0%)
INFO: Instrumented org.h2.value.ValueTimestamp with custom hooks only (took 2 ms, size +-1%)
INFO: Instrumented org.h2.value.ValueTimeTimeZone with custom hooks only (took 1 ms, size +-1%)
INFO: Instrumented org.h2.value.ValueTime with custom hooks only (took 1 ms, size +-1%)
INFO: Instrumented org.h2.value.ValueDate with custom hooks only (took 1 ms, size +0%)
INFO: Instrumented org.h2.value.ValueDecfloat with custom hooks only (took 2 ms, size +-1%)
INFO: Instrumented org.h2.value.ValueNumeric with custom hooks only (took 3 ms, size +-1%)
INFO: Instrumented org.h2.value.ValueBigDecimalBase with custom hooks only (took 0 ms, size +0%)
INFO: Instrumented org.h2.value.ValueSmallint with custom hooks only (took 3 ms, size +-1%)
INFO: Instrumented org.h2.value.ValueTinyint with custom hooks only (took 2 ms, size +-1%)
INFO: Instrumented org.h2.value.ValueBigint with custom hooks only (took 2 ms, size +-1%)
INFO: Instrumented org.h2.value.ValueBoolean with custom hooks only (took 1 ms, size +0%)
INFO: Instrumented org.h2.mvstore.db.ValueDataType with custom hooks only (took 5 ms, size +-1%)
INFO: Instrumented org.h2.mvstore.db.RowDataType$Factory with custom hooks only (took 0 ms, size +0%)
INFO: Instrumented org.h2.mvstore.type.StatefulDataType$Factory with custom hooks only (took 0 ms, size +0%)
INFO: Instrumented org.h2.mvstore.db.RowDataType with custom hooks only (took 2 ms, size +-1%)
INFO: Instrumented org.h2.mvstore.type.BasicDataType with custom hooks only (took 1 ms, size +0%)
INFO: Instrumented org.h2.mvstore.type.DataType with custom hooks only (took 0 ms, size +0%)
INFO: Instrumented org.h2.mvstore.type.StatefulDataType with custom hooks only (took 0 ms, size +0%)
INFO: Instrumented org.h2.result.Sparse with custom hooks only (took 1 ms, size +-1%)
INFO: Instrumented org.h2.result.SimpleRowValue with custom hooks only (took 1 ms, size +-1%)
INFO: Instrumented org.h2.result.DefaultRow with custom hooks only (took 1 ms, size +-1%)
INFO: Instrumented org.h2.result.RowFactory$DefaultRowFactory with custom hooks only (took 1 ms, size +0%)
INFO: Instrumented org.h2.result.RowFactory$Holder with custom hooks only (took 0 ms, size +0%)
INFO: Instrumented org.h2.result.RowFactory with custom hooks only (took 0 ms, size +0%)
INFO: Instrumented org.h2.util.TempFileDeleter with custom hooks only (took 0 ms, size +-1%)
INFO: Instrumented org.h2.mode.DefaultNullOrdering with custom hooks only (took 1 ms, size +-1%)
INFO: Instrumented org.h2.api.IntervalQualifier$1 with custom hooks only (took 0 ms, size +0%)
INFO: Instrumented org.h2.api.IntervalQualifier with custom hooks only (took 2 ms, size +0%)
INFO: Instrumented org.h2.value.DataType with custom hooks only (took 4 ms, size +0%)
INFO: Instrumented org.h2.engine.Mode$ViewExpressionNames with custom hooks only (took 0 ms, size +0%)
INFO: Instrumented org.h2.engine.Mode$ExpressionNames with custom hooks only (took 0 ms, size +0%)
INFO: Instrumented org.h2.engine.Mode$CharPadding with custom hooks only (took 0 ms, size +0%)
INFO: Instrumented org.h2.engine.NullsDistinct with custom hooks only (took 0 ms, size +-1%)
INFO: Instrumented org.h2.engine.Mode$ModeEnum with custom hooks only (took 0 ms, size +0%)
INFO: Instrumented org.h2.engine.Mode with custom hooks only (took 1 ms, size +9%)
INFO: Instrumented org.h2.value.CaseInsensitiveConcurrentMap with custom hooks only (took 1 ms, size +0%)
INFO: Instrumented org.h2.engine.Comment with custom hooks only (took 0 ms, size +0%)
INFO: Instrumented org.h2.value.CaseInsensitiveMap with custom hooks only (took 1 ms, size +0%)
INFO: Instrumented org.h2.result.Row with custom hooks only (took 0 ms, size +0%)
INFO: Instrumented org.h2.result.SearchRow with custom hooks only (took 1 ms, size +-1%)
INFO: Instrumented org.h2.engine.Setting with custom hooks only (took 0 ms, size +0%)
INFO: Instrumented org.h2.mode.PgCatalogSchema with custom hooks only (took 0 ms, size +-1%)
INFO: Instrumented org.h2.schema.InformationSchema with custom hooks only (took 0 ms, size +-1%)
INFO: Instrumented org.h2.schema.MetaSchema with custom hooks only (took 1 ms, size +-3%)
INFO: Instrumented org.h2.schema.Schema with custom hooks only (took 8 ms, size +-1%)
INFO: Instrumented org.h2.engine.User with custom hooks only (took 2 ms, size +-1%)
INFO: Instrumented org.h2.engine.RightOwner with custom hooks only (took 1 ms, size +-1%)
INFO: Instrumented org.h2.table.Table with custom hooks only (took 10 ms, size +-1%)
INFO: Instrumented org.h2.schema.SchemaObject with custom hooks only (took 0 ms, size +0%)
INFO: Instrumented org.h2.engine.DbObject with custom hooks only (took 4 ms, size +0%)
INFO: Instrumented org.h2.mvstore.MVStoreException with custom hooks only (took 0 ms, size +0%)
INFO: Instrumented org.h2.engine.Database with custom hooks only (took 25 ms, size +-1%)
INFO: Instrumented org.h2.engine.Engine$DatabaseHolder with custom hooks only (took 0 ms, size +0%)
INFO: Instrumented org.h2.store.fs.retry.FileRetryOnInterrupt with custom hooks only (took 2 ms, size +-1%)
INFO: Instrumented org.h2.store.fs.retry.FileRetryOnInterrupt$FileLockRetry with custom hooks only (took 0 ms, size +0%)
INFO: Instrumented org.h2.store.fs.retry.FilePathRetryOnInterrupt with custom hooks only (took 0 ms, size +0%)
INFO: Instrumented org.h2.store.fs.zip.FileZip with custom hooks only (took 1 ms, size +-1%)
INFO: Instrumented org.h2.store.fs.FakeFileChannel with custom hooks only (took 2 ms, size +0%)
INFO: Instrumented org.h2.store.fs.zip.FileZip$1 with custom hooks only (took 0 ms, size +0%)
INFO: Instrumented org.h2.store.fs.zip.FilePathZip with custom hooks only (took 3 ms, size +-1%)
INFO: Instrumented org.h2.store.fs.async.FileAsync with custom hooks only (took 1 ms, size +0%)
INFO: Instrumented org.h2.store.fs.async.FilePathAsync with custom hooks only (took 0 ms, size +0%)
INFO: Instrumented org.h2.store.fs.niomapped.FileNioMapped with custom hooks only (took 1 ms, size +-1%)
INFO: Instrumented org.h2.store.fs.niomapped.FilePathNioMapped with custom hooks only (took 0 ms, size +0%)
INFO: Instrumented org.h2.store.fs.split.FileSplit with custom hooks only (took 1 ms, size +-1%)
INFO: Instrumented org.h2.store.fs.split.FilePathSplit with custom hooks only (took 1 ms, size +0%)
INFO: Instrumented org.h2.store.fs.FilePathWrapper with custom hooks only (took 4 ms, size +0%)
INFO: Instrumented org.h2.store.fs.niomem.FilePathNioMemLZF with custom hooks only (took 0 ms, size +0%)
INFO: Instrumented org.h2.store.fs.niomem.FileNioMem with custom hooks only (took 1 ms, size +-1%)
INFO: Instrumented org.h2.store.fs.niomem.FileNioMem$1 with custom hooks only (took 0 ms, size +0%)
INFO: Instrumented org.h2.store.fs.niomem.FilePathNioMem with custom hooks only (took 3 ms, size +-1%)
INFO: Instrumented org.h2.store.fs.mem.FilePathMemLZF with custom hooks only (took 0 ms, size +0%)
INFO: Instrumented org.h2.store.fs.mem.FileMemData$Cache with custom hooks only (took 0 ms, size +0%)
INFO: Instrumented org.h2.compress.CompressLZF with custom hooks only (took 1 ms, size +-1%)
INFO: Instrumented org.h2.compress.Compressor with custom hooks only (took 0 ms, size +0%)
INFO: Instrumented org.h2.store.fs.mem.FileMemData with custom hooks only (took 2 ms, size +-1%)
INFO: Instrumented org.h2.store.fs.mem.FileMem with custom hooks only (took 1 ms, size +-1%)
INFO: Instrumented org.h2.store.fs.mem.FileMem$1 with custom hooks only (took 0 ms, size +0%)
INFO: Instrumented org.h2.store.fs.FileBaseDefault with custom hooks only (took 0 ms, size +-1%)
INFO: Instrumented org.h2.store.fs.FileBase with custom hooks only (took 0 ms, size +0%)
INFO: Instrumented org.h2.store.fs.mem.FilePathMem with custom hooks only (took 3 ms, size +-1%)
INFO: Instrumented org.h2.store.fs.disk.FilePathDisk with custom hooks only (took 5 ms, size +2%)
INFO: Instrumented org.h2.store.fs.FilePath with custom hooks only (took 1 ms, size +5%)
INFO: Instrumented org.h2.store.fs.FileUtils with custom hooks only (took 4 ms, size +0%)
INFO: Instrumented org.h2.security.auth.AuthenticationException with custom hooks only (took 0 ms, size +0%)
INFO: Instrumented org.h2.engine.Engine with custom hooks only (took 1 ms, size +1%)
INFO: Instrumented org.h2.value.CharsetCollator with custom hooks only (took 0 ms, size +0%)
INFO: Instrumented org.h2.value.CharsetCollator$CharsetCollationKey with custom hooks only (took 0 ms, size +0%)
INFO: Instrumented org.h2.value.CompareModeDefault with custom hooks only (took 0 ms, size +-1%)
INFO: Instrumented org.h2.value.CompareModeIcu4J with custom hooks only (took 0 ms, size +-1%)
INFO: Instrumented org.h2.value.CompareMode with custom hooks only (took 2 ms, size +4%)
INFO: Instrumented org.h2.engine.SessionLocal with custom hooks only (took 19 ms, size +-1%)
INFO: Instrumented org.h2.mvstore.tx.TransactionStore$RollbackListener with custom hooks only (took 0 ms, size +0%)
INFO: Instrumented org.h2.jdbc.meta.DatabaseMetaLegacy with custom hooks only (took 4 ms, size +0%)
INFO: Instrumented org.h2.jdbc.meta.DatabaseMetaLocalBase with custom hooks only (took 1 ms, size +0%)
INFO: Instrumented org.h2.jdbc.meta.DatabaseMetaRemote with custom hooks only (took 4 ms, size +0%)
INFO: Instrumented org.h2.jdbc.meta.DatabaseMeta with custom hooks only (took 0 ms, size +0%)
INFO: Instrumented org.h2.command.CommandInterface with custom hooks only (took 0 ms, size +0%)
INFO: Instrumented org.h2.store.LobStorageInterface with custom hooks only (took 0 ms, size +0%)
INFO: Instrumented org.h2.engine.SessionRemote with custom hooks only (took 8 ms, size +-1%)
INFO: Instrumented org.h2.engine.Session with custom hooks only (took 1 ms, size +0%)
INFO: Instrumented org.h2.store.DataHandler with custom hooks only (took 0 ms, size +0%)
INFO: Instrumented org.h2.security.SHA256 with custom hooks only (took 0 ms, size +0%)
INFO: Instrumented org.h2.engine.DbSettings with custom hooks only (took 0 ms, size +0%)
INFO: Instrumented org.h2.engine.SettingsBase with custom hooks only (took 1 ms, size +-1%)
INFO: Instrumented org.h2.util.StringUtils with custom hooks only (took 9 ms, size +-2%)
INFO: Instrumented org.h2.util.MathUtils with custom hooks only (took 2 ms, size +5%)
INFO: Instrumented org.h2.engine.SysProperties with custom hooks only (took 3 ms, size +0%)
INFO: Instrumented org.h2.command.dml.SetTypes with custom hooks only (took 0 ms, size +0%)
INFO: Instrumented org.h2.engine.ConnectionInfo with custom hooks only (took 6 ms, size +-1%)
INFO: Instrumented org.h2.util.IOUtils with custom hooks only (took 2 ms, size +-1%)
INFO: Instrumented org.h2.util.Utils with custom hooks only (took 5 ms, size +3%)
INFO: Instrumented org.h2.jdbc.JdbcSQLException with custom hooks only (took 0 ms, size +0%)
INFO: Instrumented org.h2.jdbc.JdbcSQLTransientException with custom hooks only (took 0 ms, size +0%)
INFO: Instrumented org.h2.jdbc.JdbcSQLTimeoutException with custom hooks only (took 0 ms, size +0%)
INFO: Instrumented org.h2.jdbc.JdbcSQLFeatureNotSupportedException with custom hooks only (took 0 ms, size +0%)
INFO: Instrumented org.h2.jdbc.JdbcSQLTransactionRollbackException with custom hooks only (took 0 ms, size +0%)
INFO: Instrumented org.h2.jdbc.JdbcSQLInvalidAuthorizationSpecException with custom hooks only (took 0 ms, size +0%)
INFO: Instrumented org.h2.jdbc.JdbcSQLIntegrityConstraintViolationException with custom hooks only (took 0 ms, size +0%)
INFO: Instrumented org.h2.jdbc.JdbcSQLDataException with custom hooks only (took 0 ms, size +0%)
INFO: Instrumented org.h2.jdbc.JdbcSQLNonTransientConnectionException with custom hooks only (took 1 ms, size +0%)
INFO: Instrumented org.h2.jdbc.JdbcSQLSyntaxErrorException with custom hooks only (took 0 ms, size +0%)
INFO: Instrumented org.h2.jdbc.JdbcSQLNonTransientException with custom hooks only (took 1 ms, size +0%)
INFO: Instrumented org.h2.jdbc.JdbcException with custom hooks only (took 0 ms, size +0%)
INFO: Instrumented org.h2.util.SortedProperties with custom hooks only (took 1 ms, size +-1%)
INFO: Instrumented org.h2.value.ValueInteger with custom hooks only (took 2 ms, size +-1%)
INFO: Instrumented org.h2.value.ValueClob with custom hooks only (took 2 ms, size +-1%)
INFO: Instrumented org.h2.store.RangeReader with custom hooks only (took 1 ms, size +0%)
INFO: Instrumented org.h2.value.lob.LobDataInMemory with custom hooks only (took 0 ms, size +0%)
INFO: Instrumented org.h2.value.lob.LobDataFile with custom hooks only (took 0 ms, size +0%)
INFO: Instrumented org.h2.value.ValueVarchar with custom hooks only (took 0 ms, size +0%)
INFO: Instrumented org.h2.value.ValueStringBase with custom hooks only (took 1 ms, size +0%)
INFO: Instrumented org.h2.value.ValueVarbinary with custom hooks only (took 0 ms, size +0%)
INFO: Instrumented org.h2.value.ValueBytesBase with custom hooks only (took 0 ms, size +0%)
INFO: Instrumented org.h2.value.ValueBlob with custom hooks only (took 2 ms, size +-1%)
INFO: Instrumented org.h2.value.ValueLob with custom hooks only (took 2 ms, size +4%)
INFO: Instrumented org.h2.value.ValueNull with custom hooks only (took 2 ms, size +0%)
INFO: Instrumented org.h2.value.Value with custom hooks only (took 18 ms, size +-1%)
INFO: Instrumented org.h2.value.VersionedValue with custom hooks only (took 0 ms, size +0%)
INFO: Instrumented org.h2.value.Typed with custom hooks only (took 0 ms, size +0%)
INFO: Instrumented org.h2.util.HasSQL with custom hooks only (took 0 ms, size +0%)
INFO: Instrumented org.h2.message.DbException with custom hooks only (took 5 ms, size +-1%)
INFO: Instrumented org.h2.jdbc.JdbcConnection with custom hooks only (took 13 ms, size +-1%)
INFO: Instrumented org.h2.message.TraceObject with custom hooks only (took 2 ms, size +0%)
INFO: Instrumented org.h2.engine.CastDataProvider with custom hooks only (took 0 ms, size +0%)
INFO: Instrumented org.h2.jdbc.JdbcConnectionBackwardsCompat with custom hooks only (took 0 ms, size +0%)
INFO: Instrumented org.h2.Driver with custom hooks only (took 1 ms, size +0%)
INFO: Instrumented org.h2.JdbcDriverBackwardsCompat with custom hooks only (took 0 ms, size +0%)
INFO: Instrumented sharedmodel.EntryTest with custom hooks only (took 1 ms, size +0%)
INFO: Instrumented ResultManagement.ParseResultTest with custom hooks only (took 0 ms, size +0%)
INFO: Instrumented RequestManagement.ParserTest$MockSqlOperation with custom hooks only (took 0 ms, size +0%)
INFO: Instrumented RequestManagement.sqloperation with custom hooks only (took 2 ms, size +9%)
INFO: Instrumented RequestManagement.ParserTest with custom hooks only (took 2 ms, size +-1%)
INFO: Instrumented acounting_system.ParserFuzzTest with custom hooks only (took 0 ms, size +0%)
INFO: Instrumented RequestManagement.parser with custom hooks only (took 1 ms, size +-1%)
INFO: Instrumented acounting_system.IntegrationTest with custom hooks only (took 1 ms, size +0%)
INFO: Instrumented org.jacoco.agent.rt.internal_4742761.asm.tree.MethodNode$1 with custom hooks only (took 0 ms, size +0%)
INFO: Instrumented junit.runner.Version with custom hooks only (took 0 ms, size +0%)
INFO: Instrumented acounting_system.AppTest with custom hooks only (took 0 ms, size +0%)
INFO: Instrumented org.jacoco.agent.rt.internal_4742761.core.internal.instr.InterfaceFieldProbeArrayStrategy with custom hooks only (took 0 ms, size +0%)
INFO: Instrumented org.jacoco.agent.rt.internal_4742761.asm.ConstantDynamic with custom hooks only (took 1 ms, size +0%)
INFO: Instrumented org.jacoco.agent.rt.internal_4742761.core.internal.instr.CondyProbeArrayStrategy with custom hooks only (took 0 ms, size +0%)
INFO: Instrumented org.jacoco.agent.rt.internal_4742761.asm.tree.ParameterNode with custom hooks only (took 0 ms, size +0%)
INFO: Instrumented org.jacoco.agent.rt.internal_4742761.asm.Handle with custom hooks only (took 0 ms, size +0%)
INFO: Instrumented org.jacoco.agent.rt.internal_4742761.core.data.ExecutionData with custom hooks only (took 1 ms, size +0%)
INFO: Instrumented org.jacoco.agent.rt.internal_4742761.core.internal.instr.NoneProbeArrayStrategy with custom hooks only (took 0 ms, size +0%)
INFO: Instrumented org.jacoco.agent.rt.internal_4742761.asm.Handler with custom hooks only (took 0 ms, size +0%)
INFO: Instrumented org.jacoco.agent.rt.internal_4742761.asm.tree.TryCatchBlockNode with custom hooks only (took 0 ms, size +0%)
INFO: Instrumented org.jacoco.agent.rt.internal_4742761.core.internal.flow.FrameSnapshot with custom hooks only (took 0 ms, size +0%)
INFO: Instrumented org.jacoco.agent.rt.internal_4742761.core.internal.flow.IFrame with custom hooks only (took 0 ms, size +0%)
INFO: Instrumented org.jacoco.agent.rt.internal_4742761.core.internal.flow.LabelInfo with custom hooks only (took 2 ms, size +0%)
INFO: Instrumented org.jacoco.agent.rt.internal_4742761.core.internal.flow.LabelFlowAnalyzer with custom hooks only (took 2 ms, size +0%)
INFO: Instrumented org.jacoco.agent.rt.internal_4742761.asm.tree.LocalVariableNode with custom hooks only (took 0 ms, size +0%)
INFO: Instrumented org.jacoco.agent.rt.internal_4742761.asm.tree.InsnList with custom hooks only (took 3 ms, size +0%)
INFO: Instrumented org.jacoco.agent.rt.internal_4742761.asm.tree.Util with custom hooks only (took 1 ms, size +0%)
INFO: Instrumented org.jacoco.agent.rt.internal_4742761.asm.commons.AnalyzerAdapter with custom hooks only (took 4 ms, size +0%)
INFO: Instrumented org.jacoco.agent.rt.internal_4742761.core.internal.flow.MethodProbesAdapter with custom hooks only (took 1 ms, size +0%)
INFO: Instrumented org.jacoco.agent.rt.internal_4742761.asm.tree.FrameNode with custom hooks only (took 0 ms, size +0%)
INFO: Instrumented org.jacoco.agent.rt.internal_4742761.asm.tree.UnsupportedClassVersionException with custom hooks only (took 0 ms, size +0%)
INFO: Instrumented org.jacoco.agent.rt.internal_4742761.asm.tree.FieldInsnNode with custom hooks only (took 0 ms, size +0%)
INFO: Instrumented org.jacoco.agent.rt.internal_4742761.asm.tree.InsnNode with custom hooks only (took 0 ms, size +0%)
INFO: Instrumented org.jacoco.agent.rt.internal_4742761.asm.tree.VarInsnNode with custom hooks only (took 0 ms, size +0%)
INFO: Instrumented org.jacoco.agent.rt.internal_4742761.asm.tree.MethodInsnNode with custom hooks only (took 0 ms, size +0%)
INFO: Instrumented org.jacoco.agent.rt.internal_4742761.asm.tree.TypeInsnNode with custom hooks only (took 0 ms, size +0%)
INFO: Instrumented org.jacoco.agent.rt.internal_4742761.asm.tree.IntInsnNode with custom hooks only (took 0 ms, size +0%)
INFO: Instrumented org.jacoco.agent.rt.internal_4742761.asm.tree.LdcInsnNode with custom hooks only (took 0 ms, size +0%)
INFO: Instrumented org.jacoco.agent.rt.internal_4742761.asm.tree.InvokeDynamicInsnNode with custom hooks only (took 0 ms, size +0%)
INFO: Instrumented org.jacoco.agent.rt.internal_4742761.asm.tree.JumpInsnNode with custom hooks only (took 1 ms, size +0%)
INFO: Instrumented org.jacoco.agent.rt.internal_4742761.asm.tree.LabelNode with custom hooks only (took 0 ms, size +0%)
INFO: Instrumented org.jacoco.agent.rt.internal_4742761.asm.tree.IincInsnNode with custom hooks only (took 0 ms, size +0%)
INFO: Instrumented org.jacoco.agent.rt.internal_4742761.asm.tree.TableSwitchInsnNode with custom hooks only (took 0 ms, size +0%)
INFO: Instrumented org.jacoco.agent.rt.internal_4742761.asm.tree.LookupSwitchInsnNode with custom hooks only (took 0 ms, size +0%)
INFO: Instrumented org.jacoco.agent.rt.internal_4742761.asm.tree.MultiANewArrayInsnNode with custom hooks only (took 0 ms, size +0%)
INFO: Instrumented org.jacoco.agent.rt.internal_4742761.asm.tree.LocalVariableAnnotationNode with custom hooks only (took 0 ms, size +0%)
INFO: Instrumented org.jacoco.agent.rt.internal_4742761.asm.tree.TypeAnnotationNode with custom hooks only (took 0 ms, size +0%)
INFO: Instrumented org.jacoco.agent.rt.internal_4742761.asm.tree.AnnotationNode with custom hooks only (took 1 ms, size +0%)
INFO: Instrumented org.jacoco.agent.rt.internal_4742761.asm.tree.LineNumberNode with custom hooks only (took 0 ms, size +0%)
INFO: Instrumented org.jacoco.agent.rt.internal_4742761.asm.tree.AbstractInsnNode with custom hooks only (took 1 ms, size +0%)
INFO: Instrumented org.jacoco.agent.rt.internal_4742761.asm.Label with custom hooks only (took 2 ms, size +0%)
INFO: Instrumented org.jacoco.agent.rt.internal_4742761.asm.Type with custom hooks only (took 8 ms, size +0%)
INFO: Instrumented org.jacoco.agent.rt.internal_4742761.asm.CurrentFrame with custom hooks only (took 0 ms, size +0%)
INFO: Instrumented org.jacoco.agent.rt.internal_4742761.asm.Frame with custom hooks only (took 4 ms, size +0%)
INFO: Instrumented org.jacoco.agent.rt.internal_4742761.asm.MethodTooLargeException with custom hooks only (took 0 ms, size +0%)
INFO: Instrumented org.jacoco.agent.rt.internal_4742761.asm.Context with custom hooks only (took 0 ms, size +0%)
INFO: Instrumented org.jacoco.agent.rt.internal_4742761.core.internal.instr.MethodInstrumenter with custom hooks only (took 1 ms, size +0%)
INFO: Instrumented org.jacoco.agent.rt.internal_4742761.core.internal.instr.ProbeInserter with custom hooks only (took 1 ms, size +0%)
INFO: Instrumented org.jacoco.agent.rt.internal_4742761.core.internal.instr.IProbeInserter with custom hooks only (took 0 ms, size +0%)
INFO: Instrumented org.jacoco.agent.rt.internal_4742761.core.internal.instr.DuplicateFrameEliminator with custom hooks only (took 1 ms, size +0%)
INFO: Instrumented org.jacoco.agent.rt.internal_4742761.core.internal.flow.ClassProbesAdapter$1 with custom hooks only (took 0 ms, size +0%)
INFO: Instrumented org.jacoco.agent.rt.internal_4742761.core.internal.flow.MethodProbesVisitor with custom hooks only (took 0 ms, size +0%)
INFO: Instrumented org.jacoco.agent.rt.internal_4742761.core.internal.flow.ClassProbesAdapter$2 with custom hooks only (took 0 ms, size +0%)
INFO: Instrumented org.jacoco.agent.rt.internal_4742761.core.internal.flow.MethodSanitizer with custom hooks only (took 0 ms, size +0%)
INFO: Instrumented org.jacoco.agent.rt.internal_4742761.asm.commons.JSRInlinerAdapter with custom hooks only (took 1 ms, size +0%)
INFO: Instrumented org.jacoco.agent.rt.internal_4742761.asm.tree.MethodNode with custom hooks only (took 7 ms, size +0%)
INFO: Instrumented org.jacoco.agent.rt.internal_4742761.asm.Opcodes with custom hooks only (took 0 ms, size +0%)
INFO: Instrumented org.jacoco.agent.rt.internal_4742761.core.internal.instr.ClassFieldProbeArrayStrategy with custom hooks only (took 1 ms, size +0%)
INFO: Instrumented org.jacoco.agent.rt.internal_4742761.core.internal.instr.IProbeArrayStrategy with custom hooks only (took 0 ms, size +0%)
INFO: Instrumented org.jacoco.agent.rt.internal_4742761.core.internal.instr.ProbeCounter with custom hooks only (took 0 ms, size +0%)
INFO: Instrumented org.jacoco.agent.rt.internal_4742761.core.internal.instr.ProbeArrayStrategyFactory with custom hooks only (took 0 ms, size +0%)
INFO: Instrumented org.jacoco.agent.rt.internal_4742761.asm.ClassReader with custom hooks only (took 7 ms, size +0%)
INFO: Instrumented org.jacoco.agent.rt.internal_4742761.core.internal.instr.InstrSupport with custom hooks only (took 1 ms, size +0%)
INFO: Instrumented org.jacoco.agent.rt.internal_4742761.core.internal.data.CRC64 with custom hooks only (took 0 ms, size +0%)
INFO: Instrumented org.jacoco.agent.rt.internal_4742761.ClassFileDumper with custom hooks only (took 0 ms, size +0%)
WARN: Some hooks could not be applied to class files built for Java 7 or lower.
                       Ensure that the fuzz target and its dependencies are compiled with
                       -target 8 or higher to identify as many bugs as possible.
INFO: Instrumented org.jacoco.agent.rt.internal_4742761.core.runtime.WildcardMatcher with custom hooks only (took 0 ms, size +0%)
INFO: Instrumented org.jacoco.agent.rt.internal_4742761.core.internal.instr.SignatureRemover with custom hooks only (took 0 ms, size +0%)
INFO: Instrumented org.jacoco.agent.rt.internal_4742761.core.internal.flow.ClassProbesAdapter with custom hooks only (took 1 ms, size +0%)
INFO: Instrumented org.jacoco.agent.rt.internal_4742761.core.internal.flow.IProbeIdGenerator with custom hooks only (took 0 ms, size +0%)
INFO: Instrumented org.jacoco.agent.rt.internal_4742761.core.internal.instr.ClassInstrumenter with custom hooks only (took 0 ms, size +0%)
INFO: Instrumented org.jacoco.agent.rt.internal_4742761.core.internal.flow.ClassProbesVisitor with custom hooks only (took 0 ms, size +0%)
INFO: Instrumented org.jacoco.agent.rt.internal_4742761.core.instr.Instrumenter$1 with custom hooks only (took 0 ms, size +0%)
INFO: Instrumented org.jacoco.agent.rt.internal_4742761.core.instr.Instrumenter with custom hooks only (took 1 ms, size +0%)
INFO: Instrumented org.jacoco.agent.rt.internal_4742761.CoverageTransformer with custom hooks only (took 0 ms, size +0%)
INFO: Instrumented org.jacoco.agent.rt.internal_4742761.asm.Attribute with custom hooks only (took 1 ms, size +0%)
INFO: Instrumented org.jacoco.agent.rt.internal_4742761.asm.ByteVector with custom hooks only (took 2 ms, size +0%)
INFO: Instrumented org.jacoco.agent.rt.internal_4742761.asm.SymbolTable$Entry with custom hooks only (took 0 ms, size +0%)
INFO: Instrumented org.jacoco.agent.rt.internal_4742761.asm.Symbol with custom hooks only (took 0 ms, size +0%)
INFO: Instrumented org.jacoco.agent.rt.internal_4742761.asm.SymbolTable with custom hooks only (took 7 ms, size +0%)
INFO: Instrumented org.jacoco.agent.rt.internal_4742761.asm.ClassTooLargeException with custom hooks only (took 1 ms, size +0%)
INFO: Instrumented org.jacoco.agent.rt.internal_4742761.asm.FieldWriter with custom hooks only (took 1 ms, size +0%)
INFO: Instrumented org.jacoco.agent.rt.internal_4742761.asm.FieldVisitor with custom hooks only (took 0 ms, size +0%)
INFO: Instrumented org.jacoco.agent.rt.internal_4742761.asm.MethodWriter with custom hooks only (took 7 ms, size +0%)
INFO: Instrumented org.jacoco.agent.rt.internal_4742761.asm.MethodVisitor with custom hooks only (took 3 ms, size +0%)
INFO: Instrumented org.jacoco.agent.rt.internal_4742761.asm.AnnotationWriter with custom hooks only (took 1 ms, size +0%)
INFO: Instrumented org.jacoco.agent.rt.internal_4742761.asm.AnnotationVisitor with custom hooks only (took 1 ms, size +0%)
INFO: Instrumented org.jacoco.agent.rt.internal_4742761.asm.ModuleWriter with custom hooks only (took 1 ms, size +0%)
INFO: Instrumented org.jacoco.agent.rt.internal_4742761.asm.ModuleVisitor with custom hooks only (took 1 ms, size +0%)
INFO: Instrumented org.jacoco.agent.rt.internal_4742761.asm.RecordComponentWriter with custom hooks only (took 0 ms, size +0%)
INFO: Instrumented org.jacoco.agent.rt.internal_4742761.asm.RecordComponentVisitor with custom hooks only (took 0 ms, size +0%)
INFO: Instrumented org.jacoco.agent.rt.internal_4742761.asm.ClassWriter with custom hooks only (took 4 ms, size +3%)
INFO: Instrumented org.jacoco.agent.rt.internal_4742761.asm.ClassVisitor with custom hooks only (took 1 ms, size +0%)
INFO: Instrumented org.jacoco.agent.rt.internal_4742761.core.internal.InputStreams with custom hooks only (took 0 ms, size +0%)
INFO: Instrumented org.jacoco.agent.rt.internal_4742761.core.runtime.InjectedClassRuntime$Lookup with custom hooks only (took 0 ms, size +23%)
INFO: Instrumented org.jacoco.agent.rt.internal_4742761.core.runtime.InjectedClassRuntime with custom hooks only (took 0 ms, size +0%)
INFO: Instrumented org.jacoco.agent.rt.internal_4742761.AgentModule$1 with custom hooks only (took 0 ms, size +22%)
INFO: Instrumented org.jacoco.agent.rt.internal_4742761.AgentModule with custom hooks only (took 0 ms, size +11%)
INFO: Instrumented org.jacoco.agent.rt.internal_4742761.output.FileOutput with custom hooks only (took 0 ms, size +0%)
INFO: Instrumented org.jacoco.agent.rt.internal_4742761.Agent$2 with custom hooks only (took 0 ms, size +0%)
INFO: Instrumented org.jacoco.agent.rt.internal_4742761.core.runtime.AbstractRuntime with custom hooks only (took 0 ms, size +0%)
INFO: Instrumented org.jacoco.agent.rt.internal_4742761.core.data.ExecutionDataStore with custom hooks only (took 1 ms, size +0%)
INFO: Instrumented org.jacoco.agent.rt.internal_4742761.core.runtime.RuntimeData with custom hooks only (took 0 ms, size +0%)
INFO: Instrumented org.jacoco.agent.rt.internal_4742761.IExceptionLogger$1 with custom hooks only (took 0 ms, size +0%)
INFO: Instrumented org.jacoco.agent.rt.internal_4742761.IExceptionLogger with custom hooks only (took 0 ms, size +0%)
INFO: Instrumented org.jacoco.agent.rt.internal_4742761.output.IAgentOutput with custom hooks only (took 0 ms, size +0%)
INFO: Instrumented org.jacoco.agent.rt.internal_4742761.core.data.ISessionInfoVisitor with custom hooks only (took 0 ms, size +0%)
INFO: Instrumented org.jacoco.agent.rt.internal_4742761.core.data.IExecutionDataVisitor with custom hooks only (took 0 ms, size +0%)
INFO: Instrumented org.jacoco.agent.rt.internal_4742761.Agent$1 with custom hooks only (took 0 ms, size +0%)
INFO: Instrumented org.jacoco.agent.rt.internal_4742761.Agent with custom hooks only (took 2 ms, size +0%)
INFO: Instrumented org.jacoco.agent.rt.IAgent with custom hooks only (took 0 ms, size +0%)
INFO: Instrumented org.jacoco.agent.rt.internal_4742761.core.runtime.AgentOptions$OutputMode with custom hooks only (took 0 ms, size +0%)
INFO: Instrumented org.jacoco.agent.rt.internal_4742761.core.runtime.AgentOptions with custom hooks only (took 5 ms, size +0%)
INFO: Instrumented org.jacoco.agent.rt.internal_4742761.core.runtime.IRuntime with custom hooks only (took 0 ms, size +0%)
INFO: Instrumented org.jacoco.agent.rt.internal_4742761.core.runtime.IExecutionDataAccessorGenerator with custom hooks only (took 0 ms, size +0%)
INFO: Instrumented org.jacoco.agent.rt.internal_4742761.PreMain with custom hooks only (took 0 ms, size +0%)
]]></system-err>
  </testcase>
  <testcase name="fuzzerTestOneInput(FuzzedDataProvider)[2]" classname="acounting_system.ParserFuzzTest" time="0.011"/>
  <testcase name="fuzzerTestOneInput(FuzzedDataProvider)[3]" classname="acounting_system.ParserFuzzTest" time="0.006"/>
  <testcase name="fuzzerTestOneInput(FuzzedDataProvider)[4]" classname="acounting_system.ParserFuzzTest" time="0.009"/>
  <testcase name="fuzzerTestOneInput(FuzzedDataProvider)[5]" classname="acounting_system.ParserFuzzTest" time="0.002"/>
  <testcase name="fuzzerTestOneInput(FuzzedDataProvider)[6]" classname="acounting_system.ParserFuzzTest" time="0.001"/>
  <testcase name="fuzzerTestOneInput(FuzzedDataProvider)[7]" classname="acounting_system.ParserFuzzTest" time="0.001"/>
  <testcase name="fuzzerTestOneInput(FuzzedDataProvider)[8]" classname="acounting_system.ParserFuzzTest" time="0.01">
    <system-err><![CDATA[INFO: Instrumented org.h2.expression.condition.ConditionAndOrN$1 with custom hooks only (took 2 ms, size +0%)
]]></system-err>
  </testcase>
  <testcase name="fuzzerTestOneInput(FuzzedDataProvider)[9]" classname="acounting_system.ParserFuzzTest" time="0.009">
    <system-err><![CDATA[1月 02, 2026 8:09:05 下午 RequestManagement.sqloperation solveLogin
信息: 登录失败: 密码错误, 用户名='r'
]]></system-err>
  </testcase>
  <testcase name="fuzzerTestOneInput(FuzzedDataProvider)[10]" classname="acounting_system.ParserFuzzTest" time="0.007"/>
  <testcase name="fuzzerTestOneInput(FuzzedDataProvider)[11]" classname="acounting_system.ParserFuzzTest" time="0.005"/>
  <testcase name="fuzzerTestOneInput(FuzzedDataProvider)[12]" classname="acounting_system.ParserFuzzTest" time="0.006"/>
  <testcase name="fuzzerTestOneInput(FuzzedDataProvider)[13]" classname="acounting_system.ParserFuzzTest" time="0.006"/>
  <testcase name="fuzzerTestOneInput(FuzzedDataProvider)[14]" classname="acounting_system.ParserFuzzTest" time="0.008">
    <system-err><![CDATA[1月 02, 2026 8:09:05 下午 RequestManagement.sqloperation solveLogin
信息: 登录失败: 密码错误, 用户名='r'
]]></system-err>
  </testcase>
  <testcase name="fuzzerTestOneInput(FuzzedDataProvider)[15]" classname="acounting_system.ParserFuzzTest" time="0.003"/>
  <testcase name="fuzzerTestOneInput(FuzzedDataProvider)[16]" classname="acounting_system.ParserFuzzTest" time="0.004"/>
  <testcase name="fuzzerTestOneInput(FuzzedDataProvider)[17]" classname="acounting_system.ParserFuzzTest" time="0.005"/>
  <testcase name="fuzzerTestOneInput(FuzzedDataProvider)[18]" classname="acounting_system.ParserFuzzTest" time="0.005"/>
  <testcase name="fuzzerTestOneInput(FuzzedDataProvider)[19]" classname="acounting_system.ParserFuzzTest" time="0.005"/>
  <testcase name="fuzzerTestOneInput(FuzzedDataProvider)[20]" classname="acounting_system.ParserFuzzTest" time="0.003"/>
  <testcase name="fuzzerTestOneInput(FuzzedDataProvider)[21]" classname="acounting_system.ParserFuzzTest" time="0.005"/>
  <testcase name="fuzzerTestOneInput(FuzzedDataProvider)[22]" classname="acounting_system.ParserFuzzTest" time="0.017"/>
  <testcase name="fuzzerTestOneInput(FuzzedDataProvider)[23]" classname="acounting_system.ParserFuzzTest" time="0.006"/>
  <testcase name="fuzzerTestOneInput(FuzzedDataProvider)[24]" classname="acounting_system.ParserFuzzTest" time="0.004"/>
  <testcase name="fuzzerTestOneInput(FuzzedDataProvider)[25]" classname="acounting_system.ParserFuzzTest" time="0.01">
    <system-err><![CDATA[1月 02, 2026 8:09:05 下午 RequestManagement.sqloperation solveLogin
信息: 登录成功: 用户名=''
]]></system-err>
  </testcase>
  <testcase name="fuzzerTestOneInput(FuzzedDataProvider)[26]" classname="acounting_system.ParserFuzzTest" time="0.005"/>
  <testcase name="fuzzerTestOneInput(FuzzedDataProvider)[27]" classname="acounting_system.ParserFuzzTest" time="0.005"/>
  <testcase name="fuzzerTestOneInput(FuzzedDataProvider)[28]" classname="acounting_system.ParserFuzzTest" time="0.008"/>
  <testcase name="fuzzerTestOneInput(FuzzedDataProvider)[29]" classname="acounting_system.ParserFuzzTest" time="0.007"/>
  <testcase name="fuzzerTestOneInput(FuzzedDataProvider)[30]" classname="acounting_system.ParserFuzzTest" time="0.002"/>
  <testcase name="fuzzerTestOneInput(FuzzedDataProvider)[31]" classname="acounting_system.ParserFuzzTest" time="0.001"/>
  <testcase name="fuzzerTestOneInput(FuzzedDataProvider)[32]" classname="acounting_system.ParserFuzzTest" time="0.004"/>
  <testcase name="fuzzerTestOneInput(FuzzedDataProvider)[33]" classname="acounting_system.ParserFuzzTest" time="0.005"/>
  <testcase name="fuzzerTestOneInput(FuzzedDataProvider)[34]" classname="acounting_system.ParserFuzzTest" time="0.004"/>
  <testcase name="fuzzerTestOneInput(FuzzedDataProvider)[35]" classname="acounting_system.ParserFuzzTest" time="0.007">
    <system-err><![CDATA[1月 02, 2026 8:09:05 下午 RequestManagement.sqloperation solveLogin
信息: 登录失败: 密码错误, 用户名=''
]]></system-err>
  </testcase>
  <testcase name="fuzzerTestOneInput(FuzzedDataProvider)[36]" classname="acounting_system.ParserFuzzTest" time="0.005"/>
  <testcase name="fuzzerTestOneInput(FuzzedDataProvider)[37]" classname="acounting_system.ParserFuzzTest" time="0.001"/>
  <testcase name="fuzzerTestOneInput(FuzzedDataProvider)[38]" classname="acounting_system.ParserFuzzTest" time="0.003"/>
  <testcase name="fuzzerTestOneInput(FuzzedDataProvider)[39]" classname="acounting_system.ParserFuzzTest" time="0.005"/>
  <testcase name="fuzzerTestOneInput(FuzzedDataProvider)[40]" classname="acounting_system.ParserFuzzTest" time="0.006">
    <system-err><![CDATA[1月 02, 2026 8:09:05 下午 RequestManagement.sqloperation solveLogin
信息: 登录失败: 密码错误, 用户名=''
]]></system-err>
  </testcase>
  <testcase name="fuzzerTestOneInput(FuzzedDataProvider)[41]" classname="acounting_system.ParserFuzzTest" time="0.004"/>
  <testcase name="fuzzerTestOneInput(FuzzedDataProvider)[42]" classname="acounting_system.ParserFuzzTest" time="0.004"/>
  <testcase name="fuzzerTestOneInput(FuzzedDataProvider)[43]" classname="acounting_system.ParserFuzzTest" time="0.006">
    <system-err><![CDATA[1月 02, 2026 8:09:05 下午 RequestManagement.sqloperation solveLogin
信息: 登录失败: 密码错误, 用户名=''
]]></system-err>
  </testcase>
  <testcase name="fuzzerTestOneInput(FuzzedDataProvider)[44]" classname="acounting_system.ParserFuzzTest" time="0.006"/>
  <testcase name="fuzzerTestOneInput(FuzzedDataProvider)[45]" classname="acounting_system.ParserFuzzTest" time="0.02"/>
  <testcase name="fuzzerTestOneInput(FuzzedDataProvider)[46]" classname="acounting_system.ParserFuzzTest" time="0.004"/>
  <testcase name="fuzzerTestOneInput(FuzzedDataProvider)[47]" classname="acounting_system.ParserFuzzTest" time="0.005"/>
  <testcase name="fuzzerTestOneInput(FuzzedDataProvider)[48]" classname="acounting_system.ParserFuzzTest" time="0.005"/>
  <testcase name="fuzzerTestOneInput(FuzzedDataProvider)[49]" classname="acounting_system.ParserFuzzTest" time="0.004"/>
  <testcase name="fuzzerTestOneInput(FuzzedDataProvider)[50]" classname="acounting_system.ParserFuzzTest" time="0.004"/>
  <testcase name="fuzzerTestOneInput(FuzzedDataProvider)[51]" classname="acounting_system.ParserFuzzTest" time="0.003"/>
  <testcase name="fuzzerTestOneInput(FuzzedDataProvider)[52]" classname="acounting_system.ParserFuzzTest" time="0.003"/>
  <testcase name="fuzzerTestOneInput(FuzzedDataProvider)[53]" classname="acounting_system.ParserFuzzTest" time="0.003"/>
  <testcase name="fuzzerTestOneInput(FuzzedDataProvider)[54]" classname="acounting_system.ParserFuzzTest" time="0.004"/>
  <testcase name="fuzzerTestOneInput(FuzzedDataProvider)[55]" classname="acounting_system.ParserFuzzTest" time="0.005"/>
  <testcase name="fuzzerTestOneInput(FuzzedDataProvider)[56]" classname="acounting_system.ParserFuzzTest" time="0.005"/>
  <testcase name="fuzzerTestOneInput(FuzzedDataProvider)[57]" classname="acounting_system.ParserFuzzTest" time="0.004"/>
  <testcase name="fuzzerTestOneInput(FuzzedDataProvider)[58]" classname="acounting_system.ParserFuzzTest" time="0.0"/>
  <testcase name="fuzzerTestOneInput(FuzzedDataProvider)[59]" classname="acounting_system.ParserFuzzTest" time="0.004"/>
  <testcase name="fuzzerTestOneInput(FuzzedDataProvider)[60]" classname="acounting_system.ParserFuzzTest" time="0.003"/>
  <testcase name="fuzzerTestOneInput(FuzzedDataProvider)[61]" classname="acounting_system.ParserFuzzTest" time="0.003"/>
  <testcase name="fuzzerTestOneInput(FuzzedDataProvider)[62]" classname="acounting_system.ParserFuzzTest" time="0.0"/>
  <testcase name="fuzzerTestOneInput(FuzzedDataProvider)[63]" classname="acounting_system.ParserFuzzTest" time="0.004"/>
  <testcase name="fuzzerTestOneInput(FuzzedDataProvider)[64]" classname="acounting_system.ParserFuzzTest" time="0.003"/>
  <testcase name="fuzzerTestOneInput(FuzzedDataProvider)[65]" classname="acounting_system.ParserFuzzTest" time="0.001"/>
  <testcase name="fuzzerTestOneInput(FuzzedDataProvider)[66]" classname="acounting_system.ParserFuzzTest" time="0.004"/>
  <testcase name="fuzzerTestOneInput(FuzzedDataProvider)[67]" classname="acounting_system.ParserFuzzTest" time="0.004"/>
  <testcase name="fuzzerTestOneInput(FuzzedDataProvider)[68]" classname="acounting_system.ParserFuzzTest" time="0.004"/>
  <testcase name="fuzzerTestOneInput(FuzzedDataProvider)[69]" classname="acounting_system.ParserFuzzTest" time="0.004"/>
  <testcase name="fuzzerTestOneInput(FuzzedDataProvider)[70]" classname="acounting_system.ParserFuzzTest" time="0.003"/>
  <testcase name="fuzzerTestOneInput(FuzzedDataProvider)[71]" classname="acounting_system.ParserFuzzTest" time="0.003"/>
  <testcase name="fuzzerTestOneInput(FuzzedDataProvider)[72]" classname="acounting_system.ParserFuzzTest" time="0.005"/>
  <testcase name="fuzzerTestOneInput(FuzzedDataProvider)[73]" classname="acounting_system.ParserFuzzTest" time="0.004"/>
  <testcase name="fuzzerTestOneInput(FuzzedDataProvider)[74]" classname="acounting_system.ParserFuzzTest" time="0.001"/>
  <testcase name="fuzzerTestOneInput(FuzzedDataProvider)[75]" classname="acounting_system.ParserFuzzTest" time="0.003"/>
  <testcase name="fuzzerTestOneInput(FuzzedDataProvider)[76]" classname="acounting_system.ParserFuzzTest" time="0.005"/>
  <testcase name="fuzzerTestOneInput(FuzzedDataProvider)[77]" classname="acounting_system.ParserFuzzTest" time="0.003"/>
  <testcase name="fuzzerTestOneInput(FuzzedDataProvider)[78]" classname="acounting_system.ParserFuzzTest" time="0.005"/>
  <testcase name="fuzzerTestOneInput(FuzzedDataProvider)[79]" classname="acounting_system.ParserFuzzTest" time="0.009"/>
  <testcase name="fuzzerTestOneInput(FuzzedDataProvider)[80]" classname="acounting_system.ParserFuzzTest" time="0.003"/>
  <testcase name="fuzzerTestOneInput(FuzzedDataProvider)[81]" classname="acounting_system.ParserFuzzTest" time="0.003"/>
  <testcase name="fuzzerTestOneInput(FuzzedDataProvider)[82]" classname="acounting_system.ParserFuzzTest" time="0.004"/>
  <testcase name="fuzzerTestOneInput(FuzzedDataProvider)[83]" classname="acounting_system.ParserFuzzTest" time="0.003"/>
  <testcase name="fuzzerTestOneInput(FuzzedDataProvider)[84]" classname="acounting_system.ParserFuzzTest" time="0.003"/>
  <testcase name="fuzzerTestOneInput(FuzzedDataProvider)[85]" classname="acounting_system.ParserFuzzTest" time="0.004"/>
  <testcase name="fuzzerTestOneInput(FuzzedDataProvider)[86]" classname="acounting_system.ParserFuzzTest" time="0.001"/>
  <testcase name="fuzzerTestOneInput(FuzzedDataProvider)[87]" classname="acounting_system.ParserFuzzTest" time="0.004"/>
  <testcase name="fuzzerTestOneInput(FuzzedDataProvider)[88]" classname="acounting_system.ParserFuzzTest" time="0.005"/>
  <testcase name="fuzzerTestOneInput(FuzzedDataProvider)[89]" classname="acounting_system.ParserFuzzTest" time="0.006"/>
  <testcase name="fuzzerTestOneInput(FuzzedDataProvider)[90]" classname="acounting_system.ParserFuzzTest" time="0.004"/>
  <testcase name="fuzzerTestOneInput(FuzzedDataProvider)[91]" classname="acounting_system.ParserFuzzTest" time="0.005"/>
</testsuite>